{"C:\\planviaje\\backend\\src\\app.js": {"path":"C:\\planviaje\\backend\\src\\app.js","statementMap":{"0":{"start":{"line":1,"column":16},"end":{"line":1,"column":34}},"1":{"start":{"line":2,"column":13},"end":{"line":2,"column":28}},"2":{"start":{"line":3,"column":15},"end":{"line":3,"column":32}},"3":{"start":{"line":4,"column":20},"end":{"line":4,"column":42}},"4":{"start":{"line":5,"column":12},"end":{"line":5,"column":43}},"5":{"start":{"line":6,"column":21},"end":{"line":6,"column":57}},"6":{"start":{"line":7,"column":15},"end":{"line":7,"column":40}},"7":{"start":{"line":9,"column":12},"end":{"line":9,"column":21}},"8":{"start":{"line":12,"column":0},"end":{"line":12,"column":18}},"9":{"start":{"line":15,"column":0},"end":{"line":18,"column":4}},"10":{"start":{"line":21,"column":0},"end":{"line":21,"column":41}},"11":{"start":{"line":22,"column":0},"end":{"line":22,"column":63}},"12":{"start":{"line":25,"column":0},"end":{"line":25,"column":23}},"13":{"start":{"line":28,"column":0},"end":{"line":34,"column":3}},"14":{"start":{"line":29,"column":2},"end":{"line":32,"column":5}},"15":{"start":{"line":33,"column":2},"end":{"line":33,"column":9}},"16":{"start":{"line":37,"column":0},"end":{"line":44,"column":3}},"17":{"start":{"line":38,"column":2},"end":{"line":43,"column":5}},"18":{"start":{"line":47,"column":0},"end":{"line":47,"column":58}},"19":{"start":{"line":48,"column":0},"end":{"line":48,"column":69}},"20":{"start":{"line":49,"column":0},"end":{"line":49,"column":70}},"21":{"start":{"line":50,"column":0},"end":{"line":50,"column":58}},"22":{"start":{"line":56,"column":0},"end":{"line":61,"column":3}},"23":{"start":{"line":57,"column":2},"end":{"line":60,"column":5}},"24":{"start":{"line":64,"column":0},"end":{"line":64,"column":22}},"25":{"start":{"line":66,"column":0},"end":{"line":66,"column":21}}},"fnMap":{"0":{"name":"(anonymous_0)","decl":{"start":{"line":28,"column":8},"end":{"line":28,"column":9}},"loc":{"start":{"line":28,"column":28},"end":{"line":34,"column":1}},"line":28},"1":{"name":"(anonymous_1)","decl":{"start":{"line":37,"column":19},"end":{"line":37,"column":20}},"loc":{"start":{"line":37,"column":33},"end":{"line":44,"column":1}},"line":37},"2":{"name":"(anonymous_2)","decl":{"start":{"line":56,"column":8},"end":{"line":56,"column":9}},"loc":{"start":{"line":56,"column":22},"end":{"line":61,"column":1}},"line":56}},"branchMap":{},"s":{"0":1,"1":1,"2":1,"3":1,"4":1,"5":1,"6":1,"7":1,"8":1,"9":1,"10":1,"11":1,"12":1,"13":1,"14":115,"15":115,"16":1,"17":0,"18":1,"19":1,"20":1,"21":1,"22":1,"23":0,"24":1,"25":1},"f":{"0":115,"1":0,"2":0},"b":{},"_coverageSchema":"1a1c01bbd47fc00a2c39e90264f33305004495a9","hash":"150a3254094b20a0679dac0a75450ce2799dcaf6"}
,"C:\\planviaje\\backend\\src\\config\\constants.js": {"path":"C:\\planviaje\\backend\\src\\config\\constants.js","statementMap":{"0":{"start":{"line":1,"column":0},"end":{"line":117,"column":2}}},"fnMap":{},"branchMap":{},"s":{"0":1},"f":{},"b":{},"_coverageSchema":"1a1c01bbd47fc00a2c39e90264f33305004495a9","hash":"b321c6e0d2c450147dac51dedda5ef7679ad2ccf"}
,"C:\\planviaje\\backend\\src\\config\\environment.js": {"path":"C:\\planviaje\\backend\\src\\config\\environment.js","statementMap":{"0":{"start":{"line":1,"column":0},"end":{"line":1,"column":27}},"1":{"start":{"line":3,"column":0},"end":{"line":73,"column":2}}},"fnMap":{},"branchMap":{"0":{"loc":{"start":{"line":6,"column":10},"end":{"line":6,"column":44}},"type":"binary-expr","locations":[{"start":{"line":6,"column":10},"end":{"line":6,"column":29}},{"start":{"line":6,"column":33},"end":{"line":6,"column":44}}],"line":6},"1":{"loc":{"start":{"line":7,"column":10},"end":{"line":7,"column":47}},"type":"binary-expr","locations":[{"start":{"line":7,"column":10},"end":{"line":7,"column":39}},{"start":{"line":7,"column":43},"end":{"line":7,"column":47}}],"line":7},"2":{"loc":{"start":{"line":8,"column":10},"end":{"line":8,"column":45}},"type":"binary-expr","locations":[{"start":{"line":8,"column":10},"end":{"line":8,"column":29}},{"start":{"line":8,"column":33},"end":{"line":8,"column":45}}],"line":8},"3":{"loc":{"start":{"line":9,"column":10},"end":{"line":9,"column":43}},"type":"binary-expr","locations":[{"start":{"line":9,"column":10},"end":{"line":9,"column":29}},{"start":{"line":9,"column":33},"end":{"line":9,"column":43}}],"line":9},"4":{"loc":{"start":{"line":12,"column":13},"end":{"line":12,"column":73}},"type":"cond-expr","locations":[{"start":{"line":12,"column":54},"end":{"line":12,"column":65}},{"start":{"line":12,"column":68},"end":{"line":12,"column":73}}],"line":12},"5":{"loc":{"start":{"line":18,"column":22},"end":{"line":18,"column":64}},"type":"binary-expr","locations":[{"start":{"line":18,"column":22},"end":{"line":18,"column":55}},{"start":{"line":18,"column":59},"end":{"line":18,"column":64}}],"line":18},"6":{"loc":{"start":{"line":19,"column":23},"end":{"line":19,"column":66}},"type":"binary-expr","locations":[{"start":{"line":19,"column":23},"end":{"line":19,"column":57}},{"start":{"line":19,"column":61},"end":{"line":19,"column":66}}],"line":19},"7":{"loc":{"start":{"line":58,"column":15},"end":{"line":58,"column":73}},"type":"binary-expr","locations":[{"start":{"line":58,"column":15},"end":{"line":58,"column":46}},{"start":{"line":58,"column":50},"end":{"line":58,"column":73}}],"line":58},"8":{"loc":{"start":{"line":63,"column":9},"end":{"line":63,"column":46}},"type":"binary-expr","locations":[{"start":{"line":63,"column":9},"end":{"line":63,"column":29}},{"start":{"line":63,"column":33},"end":{"line":63,"column":46}}],"line":63},"9":{"loc":{"start":{"line":64,"column":10},"end":{"line":64,"column":44}},"type":"binary-expr","locations":[{"start":{"line":64,"column":10},"end":{"line":64,"column":36}},{"start":{"line":64,"column":40},"end":{"line":64,"column":44}}],"line":64},"10":{"loc":{"start":{"line":65,"column":17},"end":{"line":65,"column":68}},"type":"binary-expr","locations":[{"start":{"line":65,"column":17},"end":{"line":65,"column":41}},{"start":{"line":65,"column":45},"end":{"line":65,"column":68}}],"line":65},"11":{"loc":{"start":{"line":70,"column":14},"end":{"line":70,"column":66}},"type":"binary-expr","locations":[{"start":{"line":70,"column":14},"end":{"line":70,"column":56}},{"start":{"line":70,"column":60},"end":{"line":70,"column":66}}],"line":70},"12":{"loc":{"start":{"line":71,"column":17},"end":{"line":71,"column":69}},"type":"binary-expr","locations":[{"start":{"line":71,"column":17},"end":{"line":71,"column":62}},{"start":{"line":71,"column":66},"end":{"line":71,"column":69}}],"line":71}},"s":{"0":1,"1":1},"f":{},"b":{"0":[1,0],"1":[1,0],"2":[1,0],"3":[1,0],"4":[0,1],"5":[1,0],"6":[1,0],"7":[1,0],"8":[1,0],"9":[1,0],"10":[1,0],"11":[1,0],"12":[1,0]},"_coverageSchema":"1a1c01bbd47fc00a2c39e90264f33305004495a9","hash":"d99232ca1b8dcd263aac8ead61f4fa1d61dba023"}
,"C:\\planviaje\\backend\\src\\controllers\\deudasController.js": {"path":"C:\\planviaje\\backend\\src\\controllers\\deudasController.js","statementMap":{"0":{"start":{"line":1,"column":22},"end":{"line":1,"column":58}},"1":{"start":{"line":2,"column":20},"end":{"line":2,"column":50}},"2":{"start":{"line":10,"column":4},"end":{"line":26,"column":5}},"3":{"start":{"line":11,"column":21},"end":{"line":11,"column":31}},"4":{"start":{"line":12,"column":50},"end":{"line":12,"column":58}},"5":{"start":{"line":14,"column":24},"end":{"line":17,"column":7}},"6":{"start":{"line":19,"column":6},"end":{"line":23,"column":9}},"7":{"start":{"line":25,"column":6},"end":{"line":25,"column":18}},"8":{"start":{"line":34,"column":4},"end":{"line":49,"column":5}},"9":{"start":{"line":35,"column":21},"end":{"line":35,"column":31}},"10":{"start":{"line":36,"column":50},"end":{"line":36,"column":59}},"11":{"start":{"line":38,"column":21},"end":{"line":41,"column":7}},"12":{"start":{"line":43,"column":6},"end":{"line":46,"column":9}},"13":{"start":{"line":48,"column":6},"end":{"line":48,"column":18}},"14":{"start":{"line":57,"column":4},"end":{"line":69,"column":5}},"15":{"start":{"line":58,"column":21},"end":{"line":58,"column":31}},"16":{"start":{"line":60,"column":20},"end":{"line":60,"column":71}},"17":{"start":{"line":62,"column":6},"end":{"line":66,"column":9}},"18":{"start":{"line":68,"column":6},"end":{"line":68,"column":18}},"19":{"start":{"line":77,"column":4},"end":{"line":93,"column":5}},"20":{"start":{"line":78,"column":21},"end":{"line":78,"column":31}},"21":{"start":{"line":79,"column":60},"end":{"line":79,"column":69}},"22":{"start":{"line":81,"column":21},"end":{"line":85,"column":7}},"23":{"start":{"line":87,"column":6},"end":{"line":90,"column":9}},"24":{"start":{"line":92,"column":6},"end":{"line":92,"column":18}},"25":{"start":{"line":97,"column":0},"end":{"line":97,"column":40}}},"fnMap":{"0":{"name":"(anonymous_0)","decl":{"start":{"line":9,"column":2},"end":{"line":9,"column":3}},"loc":{"start":{"line":9,"column":39},"end":{"line":27,"column":3}},"line":9},"1":{"name":"(anonymous_1)","decl":{"start":{"line":33,"column":2},"end":{"line":33,"column":3}},"loc":{"start":{"line":33,"column":38},"end":{"line":50,"column":3}},"line":33},"2":{"name":"(anonymous_2)","decl":{"start":{"line":56,"column":2},"end":{"line":56,"column":3}},"loc":{"start":{"line":56,"column":37},"end":{"line":70,"column":3}},"line":56},"3":{"name":"(anonymous_3)","decl":{"start":{"line":76,"column":2},"end":{"line":76,"column":3}},"loc":{"start":{"line":76,"column":45},"end":{"line":94,"column":3}},"line":76}},"branchMap":{"0":{"loc":{"start":{"line":12,"column":14},"end":{"line":12,"column":45}},"type":"default-arg","locations":[{"start":{"line":12,"column":34},"end":{"line":12,"column":45}}],"line":12},"1":{"loc":{"start":{"line":36,"column":14},"end":{"line":36,"column":45}},"type":"default-arg","locations":[{"start":{"line":36,"column":34},"end":{"line":36,"column":45}}],"line":36},"2":{"loc":{"start":{"line":79,"column":24},"end":{"line":79,"column":55}},"type":"default-arg","locations":[{"start":{"line":79,"column":44},"end":{"line":79,"column":55}}],"line":79},"3":{"loc":{"start":{"line":83,"column":8},"end":{"line":83,"column":44}},"type":"cond-expr","locations":[{"start":{"line":83,"column":19},"end":{"line":83,"column":37}},{"start":{"line":83,"column":40},"end":{"line":83,"column":44}}],"line":83}},"s":{"0":1,"1":1,"2":0,"3":0,"4":0,"5":0,"6":0,"7":0,"8":3,"9":3,"10":3,"11":3,"12":3,"13":0,"14":0,"15":0,"16":0,"17":0,"18":0,"19":0,"20":0,"21":0,"22":0,"23":0,"24":0,"25":1},"f":{"0":0,"1":3,"2":0,"3":0},"b":{"0":[0],"1":[3],"2":[0],"3":[0,0]},"_coverageSchema":"1a1c01bbd47fc00a2c39e90264f33305004495a9","hash":"395589083d60b4226cea5ba94b68c33a30e1d211"}
,"C:\\planviaje\\backend\\src\\controllers\\gastosController.js": {"path":"C:\\planviaje\\backend\\src\\controllers\\gastosController.js","statementMap":{"0":{"start":{"line":1,"column":22},"end":{"line":1,"column":58}},"1":{"start":{"line":2,"column":29},"end":{"line":2,"column":72}},"2":{"start":{"line":3,"column":15},"end":{"line":3,"column":41}},"3":{"start":{"line":13,"column":4},"end":{"line":31,"column":5}},"4":{"start":{"line":14,"column":21},"end":{"line":14,"column":31}},"5":{"start":{"line":15,"column":24},"end":{"line":19,"column":7}},"6":{"start":{"line":21,"column":20},"end":{"line":21,"column":61}},"7":{"start":{"line":23,"column":6},"end":{"line":27,"column":9}},"8":{"start":{"line":29,"column":6},"end":{"line":29,"column":61}},"9":{"start":{"line":30,"column":6},"end":{"line":30,"column":18}},"10":{"start":{"line":38,"column":4},"end":{"line":50,"column":5}},"11":{"start":{"line":39,"column":21},"end":{"line":39,"column":31}},"12":{"start":{"line":41,"column":21},"end":{"line":41,"column":66}},"13":{"start":{"line":43,"column":6},"end":{"line":46,"column":9}},"14":{"start":{"line":48,"column":6},"end":{"line":48,"column":64}},"15":{"start":{"line":49,"column":6},"end":{"line":49,"column":18}},"16":{"start":{"line":57,"column":4},"end":{"line":69,"column":5}},"17":{"start":{"line":58,"column":26},"end":{"line":58,"column":36}},"18":{"start":{"line":60,"column":20},"end":{"line":60,"column":66}},"19":{"start":{"line":62,"column":6},"end":{"line":65,"column":9}},"20":{"start":{"line":67,"column":6},"end":{"line":67,"column":63}},"21":{"start":{"line":68,"column":6},"end":{"line":68,"column":18}},"22":{"start":{"line":76,"column":4},"end":{"line":89,"column":5}},"23":{"start":{"line":77,"column":26},"end":{"line":77,"column":36}},"24":{"start":{"line":79,"column":20},"end":{"line":79,"column":74}},"25":{"start":{"line":81,"column":6},"end":{"line":85,"column":9}},"26":{"start":{"line":87,"column":6},"end":{"line":87,"column":66}},"27":{"start":{"line":88,"column":6},"end":{"line":88,"column":18}},"28":{"start":{"line":96,"column":4},"end":{"line":108,"column":5}},"29":{"start":{"line":97,"column":26},"end":{"line":97,"column":36}},"30":{"start":{"line":99,"column":6},"end":{"line":99,"column":49}},"31":{"start":{"line":101,"column":6},"end":{"line":104,"column":9}},"32":{"start":{"line":106,"column":6},"end":{"line":106,"column":64}},"33":{"start":{"line":107,"column":6},"end":{"line":107,"column":18}},"34":{"start":{"line":115,"column":4},"end":{"line":128,"column":5}},"35":{"start":{"line":116,"column":21},"end":{"line":116,"column":31}},"36":{"start":{"line":118,"column":24},"end":{"line":118,"column":84}},"37":{"start":{"line":120,"column":6},"end":{"line":124,"column":9}},"38":{"start":{"line":126,"column":6},"end":{"line":126,"column":67}},"39":{"start":{"line":127,"column":6},"end":{"line":127,"column":18}},"40":{"start":{"line":132,"column":0},"end":{"line":132,"column":40}}},"fnMap":{"0":{"name":"(anonymous_0)","decl":{"start":{"line":12,"column":2},"end":{"line":12,"column":3}},"loc":{"start":{"line":12,"column":35},"end":{"line":32,"column":3}},"line":12},"1":{"name":"(anonymous_1)","decl":{"start":{"line":37,"column":2},"end":{"line":37,"column":3}},"loc":{"start":{"line":37,"column":38},"end":{"line":51,"column":3}},"line":37},"2":{"name":"(anonymous_2)","decl":{"start":{"line":56,"column":2},"end":{"line":56,"column":3}},"loc":{"start":{"line":56,"column":37},"end":{"line":70,"column":3}},"line":56},"3":{"name":"(anonymous_3)","decl":{"start":{"line":75,"column":2},"end":{"line":75,"column":3}},"loc":{"start":{"line":75,"column":40},"end":{"line":90,"column":3}},"line":75},"4":{"name":"(anonymous_4)","decl":{"start":{"line":95,"column":2},"end":{"line":95,"column":3}},"loc":{"start":{"line":95,"column":38},"end":{"line":109,"column":3}},"line":95},"5":{"name":"(anonymous_5)","decl":{"start":{"line":114,"column":2},"end":{"line":114,"column":3}},"loc":{"start":{"line":114,"column":41},"end":{"line":129,"column":3}},"line":114}},"branchMap":{"0":{"loc":{"start":{"line":18,"column":28},"end":{"line":18,"column":88}},"type":"binary-expr","locations":[{"start":{"line":18,"column":28},"end":{"line":18,"column":55}},{"start":{"line":18,"column":59},"end":{"line":18,"column":83}},{"start":{"line":18,"column":87},"end":{"line":18,"column":88}}],"line":18}},"s":{"0":1,"1":1,"2":1,"3":105,"4":105,"5":105,"6":105,"7":105,"8":0,"9":0,"10":0,"11":0,"12":0,"13":0,"14":0,"15":0,"16":0,"17":0,"18":0,"19":0,"20":0,"21":0,"22":0,"23":0,"24":0,"25":0,"26":0,"27":0,"28":0,"29":0,"30":0,"31":0,"32":0,"33":0,"34":0,"35":0,"36":0,"37":0,"38":0,"39":0,"40":1},"f":{"0":105,"1":0,"2":0,"3":0,"4":0,"5":0},"b":{"0":[105,0,0]},"_coverageSchema":"1a1c01bbd47fc00a2c39e90264f33305004495a9","hash":"3db7e38da3ea66ceb9c146fab5535af0f6e595b9"}
,"C:\\planviaje\\backend\\src\\controllers\\reportesController.js": {"path":"C:\\planviaje\\backend\\src\\controllers\\reportesController.js","statementMap":{"0":{"start":{"line":1,"column":24},"end":{"line":1,"column":62}},"1":{"start":{"line":2,"column":20},"end":{"line":2,"column":50}},"2":{"start":{"line":10,"column":4},"end":{"line":25,"column":5}},"3":{"start":{"line":11,"column":21},"end":{"line":11,"column":31}},"4":{"start":{"line":12,"column":50},"end":{"line":12,"column":59}},"5":{"start":{"line":14,"column":22},"end":{"line":17,"column":7}},"6":{"start":{"line":19,"column":6},"end":{"line":22,"column":9}},"7":{"start":{"line":24,"column":6},"end":{"line":24,"column":18}},"8":{"start":{"line":33,"column":4},"end":{"line":52,"column":5}},"9":{"start":{"line":34,"column":21},"end":{"line":34,"column":31}},"10":{"start":{"line":38,"column":10},"end":{"line":38,"column":19}},"11":{"start":{"line":40,"column":22},"end":{"line":44,"column":7}},"12":{"start":{"line":46,"column":6},"end":{"line":49,"column":9}},"13":{"start":{"line":51,"column":6},"end":{"line":51,"column":18}},"14":{"start":{"line":60,"column":4},"end":{"line":73,"column":5}},"15":{"start":{"line":61,"column":21},"end":{"line":61,"column":31}},"16":{"start":{"line":63,"column":22},"end":{"line":65,"column":7}},"17":{"start":{"line":67,"column":6},"end":{"line":70,"column":9}},"18":{"start":{"line":72,"column":6},"end":{"line":72,"column":18}},"19":{"start":{"line":77,"column":0},"end":{"line":77,"column":42}}},"fnMap":{"0":{"name":"(anonymous_0)","decl":{"start":{"line":9,"column":2},"end":{"line":9,"column":3}},"loc":{"start":{"line":9,"column":44},"end":{"line":26,"column":3}},"line":9},"1":{"name":"(anonymous_1)","decl":{"start":{"line":32,"column":2},"end":{"line":32,"column":3}},"loc":{"start":{"line":32,"column":49},"end":{"line":53,"column":3}},"line":32},"2":{"name":"(anonymous_2)","decl":{"start":{"line":59,"column":2},"end":{"line":59,"column":3}},"loc":{"start":{"line":59,"column":57},"end":{"line":74,"column":3}},"line":59}},"branchMap":{"0":{"loc":{"start":{"line":12,"column":14},"end":{"line":12,"column":45}},"type":"default-arg","locations":[{"start":{"line":12,"column":34},"end":{"line":12,"column":45}}],"line":12},"1":{"loc":{"start":{"line":36,"column":8},"end":{"line":36,"column":23}},"type":"default-arg","locations":[{"start":{"line":36,"column":18},"end":{"line":36,"column":23}}],"line":36},"2":{"loc":{"start":{"line":37,"column":8},"end":{"line":37,"column":39}},"type":"default-arg","locations":[{"start":{"line":37,"column":28},"end":{"line":37,"column":39}}],"line":37}},"s":{"0":1,"1":1,"2":1,"3":1,"4":1,"5":1,"6":1,"7":0,"8":0,"9":0,"10":0,"11":0,"12":0,"13":0,"14":0,"15":0,"16":0,"17":0,"18":0,"19":1},"f":{"0":1,"1":0,"2":0},"b":{"0":[1],"1":[0],"2":[0]},"_coverageSchema":"1a1c01bbd47fc00a2c39e90264f33305004495a9","hash":"6619829ad496ddc573695608d1845a2bd4493472"}
,"C:\\planviaje\\backend\\src\\controllers\\tasasCambioController.js": {"path":"C:\\planviaje\\backend\\src\\controllers\\tasasCambioController.js","statementMap":{"0":{"start":{"line":1,"column":29},"end":{"line":1,"column":72}},"1":{"start":{"line":2,"column":15},"end":{"line":2,"column":41}},"2":{"start":{"line":12,"column":4},"end":{"line":28,"column":5}},"3":{"start":{"line":13,"column":46},"end":{"line":13,"column":55}},"4":{"start":{"line":15,"column":19},"end":{"line":15,"column":92}},"5":{"start":{"line":17,"column":6},"end":{"line":24,"column":9}},"6":{"start":{"line":26,"column":6},"end":{"line":26,"column":68}},"7":{"start":{"line":27,"column":6},"end":{"line":27,"column":18}},"8":{"start":{"line":35,"column":4},"end":{"line":46,"column":5}},"9":{"start":{"line":36,"column":24},"end":{"line":36,"column":76}},"10":{"start":{"line":38,"column":6},"end":{"line":42,"column":9}},"11":{"start":{"line":44,"column":6},"end":{"line":44,"column":74}},"12":{"start":{"line":45,"column":6},"end":{"line":45,"column":18}},"13":{"start":{"line":53,"column":4},"end":{"line":64,"column":5}},"14":{"start":{"line":54,"column":19},"end":{"line":54,"column":71}},"15":{"start":{"line":56,"column":6},"end":{"line":60,"column":9}},"16":{"start":{"line":62,"column":6},"end":{"line":62,"column":66}},"17":{"start":{"line":63,"column":6},"end":{"line":63,"column":18}},"18":{"start":{"line":71,"column":4},"end":{"line":83,"column":5}},"19":{"start":{"line":72,"column":46},"end":{"line":72,"column":55}},"20":{"start":{"line":74,"column":24},"end":{"line":74,"column":101}},"21":{"start":{"line":76,"column":6},"end":{"line":79,"column":9}},"22":{"start":{"line":81,"column":6},"end":{"line":81,"column":67}},"23":{"start":{"line":82,"column":6},"end":{"line":82,"column":18}},"24":{"start":{"line":87,"column":0},"end":{"line":87,"column":45}}},"fnMap":{"0":{"name":"(anonymous_0)","decl":{"start":{"line":11,"column":2},"end":{"line":11,"column":3}},"loc":{"start":{"line":11,"column":42},"end":{"line":29,"column":3}},"line":11},"1":{"name":"(anonymous_1)","decl":{"start":{"line":34,"column":2},"end":{"line":34,"column":3}},"loc":{"start":{"line":34,"column":48},"end":{"line":47,"column":3}},"line":34},"2":{"name":"(anonymous_2)","decl":{"start":{"line":52,"column":2},"end":{"line":52,"column":3}},"loc":{"start":{"line":52,"column":40},"end":{"line":65,"column":3}},"line":52},"3":{"name":"(anonymous_3)","decl":{"start":{"line":70,"column":2},"end":{"line":70,"column":3}},"loc":{"start":{"line":70,"column":41},"end":{"line":84,"column":3}},"line":70}},"branchMap":{},"s":{"0":1,"1":1,"2":0,"3":0,"4":0,"5":0,"6":0,"7":0,"8":1,"9":1,"10":1,"11":0,"12":0,"13":3,"14":3,"15":3,"16":0,"17":0,"18":1,"19":1,"20":1,"21":1,"22":0,"23":0,"24":1},"f":{"0":0,"1":1,"2":3,"3":1},"b":{},"_coverageSchema":"1a1c01bbd47fc00a2c39e90264f33305004495a9","hash":"eb595f979e86c9b1840b1676306d3427e531045b"}
,"C:\\planviaje\\backend\\src\\controllers\\viajesController.js": {"path":"C:\\planviaje\\backend\\src\\controllers\\viajesController.js","statementMap":{"0":{"start":{"line":1,"column":22},"end":{"line":1,"column":58}},"1":{"start":{"line":2,"column":15},"end":{"line":2,"column":41}},"2":{"start":{"line":12,"column":4},"end":{"line":25,"column":5}},"3":{"start":{"line":13,"column":24},"end":{"line":13,"column":80}},"4":{"start":{"line":15,"column":20},"end":{"line":15,"column":71}},"5":{"start":{"line":17,"column":6},"end":{"line":21,"column":9}},"6":{"start":{"line":23,"column":6},"end":{"line":23,"column":61}},"7":{"start":{"line":24,"column":6},"end":{"line":24,"column":18}},"8":{"start":{"line":32,"column":4},"end":{"line":44,"column":5}},"9":{"start":{"line":33,"column":24},"end":{"line":33,"column":68}},"10":{"start":{"line":35,"column":21},"end":{"line":35,"column":74}},"11":{"start":{"line":37,"column":6},"end":{"line":40,"column":9}},"12":{"start":{"line":42,"column":6},"end":{"line":42,"column":64}},"13":{"start":{"line":43,"column":6},"end":{"line":43,"column":18}},"14":{"start":{"line":51,"column":4},"end":{"line":63,"column":5}},"15":{"start":{"line":52,"column":21},"end":{"line":52,"column":31}},"16":{"start":{"line":54,"column":20},"end":{"line":54,"column":63}},"17":{"start":{"line":56,"column":6},"end":{"line":59,"column":9}},"18":{"start":{"line":61,"column":6},"end":{"line":61,"column":70}},"19":{"start":{"line":62,"column":6},"end":{"line":62,"column":18}},"20":{"start":{"line":70,"column":4},"end":{"line":83,"column":5}},"21":{"start":{"line":71,"column":21},"end":{"line":71,"column":31}},"22":{"start":{"line":73,"column":20},"end":{"line":73,"column":69}},"23":{"start":{"line":75,"column":6},"end":{"line":79,"column":9}},"24":{"start":{"line":81,"column":6},"end":{"line":81,"column":66}},"25":{"start":{"line":82,"column":6},"end":{"line":82,"column":18}},"26":{"start":{"line":90,"column":4},"end":{"line":102,"column":5}},"27":{"start":{"line":91,"column":21},"end":{"line":91,"column":31}},"28":{"start":{"line":93,"column":6},"end":{"line":93,"column":44}},"29":{"start":{"line":95,"column":6},"end":{"line":98,"column":9}},"30":{"start":{"line":100,"column":6},"end":{"line":100,"column":64}},"31":{"start":{"line":101,"column":6},"end":{"line":101,"column":18}},"32":{"start":{"line":106,"column":0},"end":{"line":106,"column":40}}},"fnMap":{"0":{"name":"(anonymous_0)","decl":{"start":{"line":11,"column":2},"end":{"line":11,"column":3}},"loc":{"start":{"line":11,"column":35},"end":{"line":26,"column":3}},"line":11},"1":{"name":"(anonymous_1)","decl":{"start":{"line":31,"column":2},"end":{"line":31,"column":3}},"loc":{"start":{"line":31,"column":38},"end":{"line":45,"column":3}},"line":31},"2":{"name":"(anonymous_2)","decl":{"start":{"line":50,"column":2},"end":{"line":50,"column":3}},"loc":{"start":{"line":50,"column":44},"end":{"line":64,"column":3}},"line":50},"3":{"name":"(anonymous_3)","decl":{"start":{"line":69,"column":2},"end":{"line":69,"column":3}},"loc":{"start":{"line":69,"column":40},"end":{"line":84,"column":3}},"line":69},"4":{"name":"(anonymous_4)","decl":{"start":{"line":89,"column":2},"end":{"line":89,"column":3}},"loc":{"start":{"line":89,"column":38},"end":{"line":103,"column":3}},"line":89}},"branchMap":{"0":{"loc":{"start":{"line":13,"column":24},"end":{"line":13,"column":80}},"type":"binary-expr","locations":[{"start":{"line":13,"column":24},"end":{"line":13,"column":44}},{"start":{"line":13,"column":48},"end":{"line":13,"column":75}},{"start":{"line":13,"column":79},"end":{"line":13,"column":80}}],"line":13},"1":{"loc":{"start":{"line":33,"column":24},"end":{"line":33,"column":68}},"type":"binary-expr","locations":[{"start":{"line":33,"column":24},"end":{"line":33,"column":44}},{"start":{"line":33,"column":48},"end":{"line":33,"column":68}}],"line":33}},"s":{"0":1,"1":1,"2":1,"3":1,"4":1,"5":1,"6":0,"7":0,"8":0,"9":0,"10":0,"11":0,"12":0,"13":0,"14":0,"15":0,"16":0,"17":0,"18":0,"19":0,"20":0,"21":0,"22":0,"23":0,"24":0,"25":0,"26":0,"27":0,"28":0,"29":0,"30":0,"31":0,"32":1},"f":{"0":1,"1":0,"2":0,"3":0,"4":0},"b":{"0":[1,1,1],"1":[0,0]},"_coverageSchema":"1a1c01bbd47fc00a2c39e90264f33305004495a9","hash":"6a3b348f2d105727683fa2b612f52d5d3a4288fb"}
,"C:\\planviaje\\backend\\src\\middleware\\errorHandler.js": {"path":"C:\\planviaje\\backend\\src\\middleware\\errorHandler.js","statementMap":{"0":{"start":{"line":1,"column":15},"end":{"line":1,"column":41}},"1":{"start":{"line":2,"column":21},"end":{"line":2,"column":47}},"2":{"start":{"line":4,"column":21},"end":{"line":51,"column":1}},"3":{"start":{"line":5,"column":14},"end":{"line":5,"column":24}},"4":{"start":{"line":6,"column":2},"end":{"line":6,"column":30}},"5":{"start":{"line":9,"column":2},"end":{"line":14,"column":5}},"6":{"start":{"line":17,"column":2},"end":{"line":20,"column":3}},"7":{"start":{"line":18,"column":20},"end":{"line":18,"column":61}},"8":{"start":{"line":18,"column":40},"end":{"line":18,"column":49}},"9":{"start":{"line":19,"column":4},"end":{"line":19,"column":39}},"10":{"start":{"line":23,"column":2},"end":{"line":26,"column":3}},"11":{"start":{"line":24,"column":20},"end":{"line":24,"column":59}},"12":{"start":{"line":25,"column":4},"end":{"line":25,"column":39}},"13":{"start":{"line":29,"column":2},"end":{"line":32,"column":3}},"14":{"start":{"line":30,"column":20},"end":{"line":30,"column":76}},"15":{"start":{"line":31,"column":4},"end":{"line":31,"column":39}},"16":{"start":{"line":35,"column":2},"end":{"line":38,"column":3}},"17":{"start":{"line":36,"column":20},"end":{"line":36,"column":36}},"18":{"start":{"line":37,"column":4},"end":{"line":37,"column":39}},"19":{"start":{"line":40,"column":2},"end":{"line":43,"column":3}},"20":{"start":{"line":41,"column":20},"end":{"line":41,"column":36}},"21":{"start":{"line":42,"column":4},"end":{"line":42,"column":39}},"22":{"start":{"line":46,"column":2},"end":{"line":50,"column":5}},"23":{"start":{"line":53,"column":0},"end":{"line":53,"column":30}}},"fnMap":{"0":{"name":"(anonymous_0)","decl":{"start":{"line":4,"column":21},"end":{"line":4,"column":22}},"loc":{"start":{"line":4,"column":46},"end":{"line":51,"column":1}},"line":4},"1":{"name":"(anonymous_1)","decl":{"start":{"line":18,"column":35},"end":{"line":18,"column":36}},"loc":{"start":{"line":18,"column":40},"end":{"line":18,"column":49}},"line":18}},"branchMap":{"0":{"loc":{"start":{"line":17,"column":2},"end":{"line":20,"column":3}},"type":"if","locations":[{"start":{"line":17,"column":2},"end":{"line":20,"column":3}},{"start":{},"end":{}}],"line":17},"1":{"loc":{"start":{"line":23,"column":2},"end":{"line":26,"column":3}},"type":"if","locations":[{"start":{"line":23,"column":2},"end":{"line":26,"column":3}},{"start":{},"end":{}}],"line":23},"2":{"loc":{"start":{"line":29,"column":2},"end":{"line":32,"column":3}},"type":"if","locations":[{"start":{"line":29,"column":2},"end":{"line":32,"column":3}},{"start":{},"end":{}}],"line":29},"3":{"loc":{"start":{"line":35,"column":2},"end":{"line":38,"column":3}},"type":"if","locations":[{"start":{"line":35,"column":2},"end":{"line":38,"column":3}},{"start":{},"end":{}}],"line":35},"4":{"loc":{"start":{"line":40,"column":2},"end":{"line":43,"column":3}},"type":"if","locations":[{"start":{"line":40,"column":2},"end":{"line":43,"column":3}},{"start":{},"end":{}}],"line":40},"5":{"loc":{"start":{"line":46,"column":13},"end":{"line":46,"column":36}},"type":"binary-expr","locations":[{"start":{"line":46,"column":13},"end":{"line":46,"column":29}},{"start":{"line":46,"column":33},"end":{"line":46,"column":36}}],"line":46},"6":{"loc":{"start":{"line":48,"column":11},"end":{"line":48,"column":56}},"type":"binary-expr","locations":[{"start":{"line":48,"column":11},"end":{"line":48,"column":24}},{"start":{"line":48,"column":28},"end":{"line":48,"column":56}}],"line":48},"7":{"loc":{"start":{"line":49,"column":8},"end":{"line":49,"column":70}},"type":"binary-expr","locations":[{"start":{"line":49,"column":8},"end":{"line":49,"column":46}},{"start":{"line":49,"column":50},"end":{"line":49,"column":70}}],"line":49}},"s":{"0":1,"1":1,"2":1,"3":0,"4":0,"5":0,"6":0,"7":0,"8":0,"9":0,"10":0,"11":0,"12":0,"13":0,"14":0,"15":0,"16":0,"17":0,"18":0,"19":0,"20":0,"21":0,"22":0,"23":1},"f":{"0":0,"1":0},"b":{"0":[0,0],"1":[0,0],"2":[0,0],"3":[0,0],"4":[0,0],"5":[0,0],"6":[0,0],"7":[0,0]},"_coverageSchema":"1a1c01bbd47fc00a2c39e90264f33305004495a9","hash":"9e8f7e1abb961e41d4711bd48f76cebf3c8885a9"}
,"C:\\planviaje\\backend\\src\\models\\Actividad.js": {"path":"C:\\planviaje\\backend\\src\\models\\Actividad.js","statementMap":{"0":{"start":{"line":1,"column":22},"end":{"line":1,"column":42}},"1":{"start":{"line":3,"column":0},"end":{"line":149,"column":2}},"2":{"start":{"line":4,"column":20},"end":{"line":120,"column":4}},"3":{"start":{"line":122,"column":2},"end":{"line":146,"column":4}},"4":{"start":{"line":124,"column":4},"end":{"line":127,"column":7}},"5":{"start":{"line":130,"column":4},"end":{"line":133,"column":7}},"6":{"start":{"line":136,"column":4},"end":{"line":139,"column":7}},"7":{"start":{"line":142,"column":4},"end":{"line":145,"column":7}},"8":{"start":{"line":148,"column":2},"end":{"line":148,"column":19}}},"fnMap":{"0":{"name":"(anonymous_0)","decl":{"start":{"line":3,"column":17},"end":{"line":3,"column":18}},"loc":{"start":{"line":3,"column":32},"end":{"line":149,"column":1}},"line":3},"1":{"name":"(anonymous_1)","decl":{"start":{"line":122,"column":24},"end":{"line":122,"column":25}},"loc":{"start":{"line":122,"column":36},"end":{"line":146,"column":3}},"line":122}},"branchMap":{},"s":{"0":1,"1":1,"2":1,"3":1,"4":1,"5":1,"6":1,"7":1,"8":1},"f":{"0":1,"1":1},"b":{},"_coverageSchema":"1a1c01bbd47fc00a2c39e90264f33305004495a9","hash":"fb80244e3722df8190c69430e6f1eca7f309ad12"}
,"C:\\planviaje\\backend\\src\\models\\Alojamiento.js": {"path":"C:\\planviaje\\backend\\src\\models\\Alojamiento.js","statementMap":{"0":{"start":{"line":1,"column":22},"end":{"line":1,"column":42}},"1":{"start":{"line":3,"column":0},"end":{"line":149,"column":2}},"2":{"start":{"line":4,"column":22},"end":{"line":120,"column":4}},"3":{"start":{"line":122,"column":2},"end":{"line":146,"column":4}},"4":{"start":{"line":124,"column":4},"end":{"line":127,"column":7}},"5":{"start":{"line":130,"column":4},"end":{"line":133,"column":7}},"6":{"start":{"line":136,"column":4},"end":{"line":139,"column":7}},"7":{"start":{"line":142,"column":4},"end":{"line":145,"column":7}},"8":{"start":{"line":148,"column":2},"end":{"line":148,"column":21}}},"fnMap":{"0":{"name":"(anonymous_0)","decl":{"start":{"line":3,"column":17},"end":{"line":3,"column":18}},"loc":{"start":{"line":3,"column":32},"end":{"line":149,"column":1}},"line":3},"1":{"name":"(anonymous_1)","decl":{"start":{"line":122,"column":26},"end":{"line":122,"column":27}},"loc":{"start":{"line":122,"column":38},"end":{"line":146,"column":3}},"line":122}},"branchMap":{},"s":{"0":1,"1":1,"2":1,"3":1,"4":1,"5":1,"6":1,"7":1,"8":1},"f":{"0":1,"1":1},"b":{},"_coverageSchema":"1a1c01bbd47fc00a2c39e90264f33305004495a9","hash":"326d9a086561a701de804f0aa13dd91124cfceba"}
,"C:\\planviaje\\backend\\src\\models\\Auditoria.js": {"path":"C:\\planviaje\\backend\\src\\models\\Auditoria.js","statementMap":{"0":{"start":{"line":1,"column":22},"end":{"line":1,"column":42}},"1":{"start":{"line":3,"column":0},"end":{"line":95,"column":2}},"2":{"start":{"line":4,"column":20},"end":{"line":78,"column":4}},"3":{"start":{"line":80,"column":2},"end":{"line":92,"column":4}},"4":{"start":{"line":82,"column":4},"end":{"line":85,"column":7}},"5":{"start":{"line":88,"column":4},"end":{"line":91,"column":7}},"6":{"start":{"line":94,"column":2},"end":{"line":94,"column":19}}},"fnMap":{"0":{"name":"(anonymous_0)","decl":{"start":{"line":3,"column":17},"end":{"line":3,"column":18}},"loc":{"start":{"line":3,"column":32},"end":{"line":95,"column":1}},"line":3},"1":{"name":"(anonymous_1)","decl":{"start":{"line":80,"column":24},"end":{"line":80,"column":25}},"loc":{"start":{"line":80,"column":36},"end":{"line":92,"column":3}},"line":80}},"branchMap":{},"s":{"0":1,"1":1,"2":1,"3":1,"4":1,"5":1,"6":1},"f":{"0":1,"1":1},"b":{},"_coverageSchema":"1a1c01bbd47fc00a2c39e90264f33305004495a9","hash":"2397d0626e6e5ad5a4e55b189a7cc28ea5c1a04f"}
,"C:\\planviaje\\backend\\src\\models\\ConfiguracionViaje.js": {"path":"C:\\planviaje\\backend\\src\\models\\ConfiguracionViaje.js","statementMap":{"0":{"start":{"line":1,"column":22},"end":{"line":1,"column":42}},"1":{"start":{"line":3,"column":0},"end":{"line":94,"column":2}},"2":{"start":{"line":4,"column":29},"end":{"line":83,"column":4}},"3":{"start":{"line":85,"column":2},"end":{"line":91,"column":4}},"4":{"start":{"line":87,"column":4},"end":{"line":90,"column":7}},"5":{"start":{"line":93,"column":2},"end":{"line":93,"column":28}}},"fnMap":{"0":{"name":"(anonymous_0)","decl":{"start":{"line":3,"column":17},"end":{"line":3,"column":18}},"loc":{"start":{"line":3,"column":32},"end":{"line":94,"column":1}},"line":3},"1":{"name":"(anonymous_1)","decl":{"start":{"line":85,"column":33},"end":{"line":85,"column":34}},"loc":{"start":{"line":85,"column":45},"end":{"line":91,"column":3}},"line":85}},"branchMap":{},"s":{"0":1,"1":1,"2":1,"3":1,"4":1,"5":1},"f":{"0":1,"1":1},"b":{},"_coverageSchema":"1a1c01bbd47fc00a2c39e90264f33305004495a9","hash":"d849669cf5a96430b08e577e8d58db26d959ad0a"}
,"C:\\planviaje\\backend\\src\\models\\Deuda.js": {"path":"C:\\planviaje\\backend\\src\\models\\Deuda.js","statementMap":{"0":{"start":{"line":1,"column":22},"end":{"line":1,"column":42}},"1":{"start":{"line":3,"column":0},"end":{"line":136,"column":2}},"2":{"start":{"line":4,"column":16},"end":{"line":101,"column":4}},"3":{"start":{"line":103,"column":2},"end":{"line":133,"column":4}},"4":{"start":{"line":105,"column":4},"end":{"line":108,"column":7}},"5":{"start":{"line":111,"column":4},"end":{"line":114,"column":7}},"6":{"start":{"line":117,"column":4},"end":{"line":120,"column":7}},"7":{"start":{"line":123,"column":4},"end":{"line":126,"column":7}},"8":{"start":{"line":129,"column":4},"end":{"line":132,"column":7}},"9":{"start":{"line":135,"column":2},"end":{"line":135,"column":15}}},"fnMap":{"0":{"name":"(anonymous_0)","decl":{"start":{"line":3,"column":17},"end":{"line":3,"column":18}},"loc":{"start":{"line":3,"column":32},"end":{"line":136,"column":1}},"line":3},"1":{"name":"(anonymous_1)","decl":{"start":{"line":103,"column":20},"end":{"line":103,"column":21}},"loc":{"start":{"line":103,"column":32},"end":{"line":133,"column":3}},"line":103}},"branchMap":{},"s":{"0":1,"1":1,"2":1,"3":1,"4":1,"5":1,"6":1,"7":1,"8":1,"9":1},"f":{"0":1,"1":1},"b":{},"_coverageSchema":"1a1c01bbd47fc00a2c39e90264f33305004495a9","hash":"761c20ba99f29f83aed33a10b76da049ec2369c4"}
,"C:\\planviaje\\backend\\src\\models\\DeudaSubgrupo.js": {"path":"C:\\planviaje\\backend\\src\\models\\DeudaSubgrupo.js","statementMap":{"0":{"start":{"line":1,"column":22},"end":{"line":1,"column":42}},"1":{"start":{"line":3,"column":0},"end":{"line":105,"column":2}},"2":{"start":{"line":4,"column":24},"end":{"line":76,"column":4}},"3":{"start":{"line":78,"column":2},"end":{"line":102,"column":4}},"4":{"start":{"line":80,"column":4},"end":{"line":83,"column":7}},"5":{"start":{"line":86,"column":4},"end":{"line":89,"column":7}},"6":{"start":{"line":92,"column":4},"end":{"line":95,"column":7}},"7":{"start":{"line":98,"column":4},"end":{"line":101,"column":7}},"8":{"start":{"line":104,"column":2},"end":{"line":104,"column":23}}},"fnMap":{"0":{"name":"(anonymous_0)","decl":{"start":{"line":3,"column":17},"end":{"line":3,"column":18}},"loc":{"start":{"line":3,"column":32},"end":{"line":105,"column":1}},"line":3},"1":{"name":"(anonymous_1)","decl":{"start":{"line":78,"column":28},"end":{"line":78,"column":29}},"loc":{"start":{"line":78,"column":40},"end":{"line":102,"column":3}},"line":78}},"branchMap":{},"s":{"0":1,"1":1,"2":1,"3":1,"4":1,"5":1,"6":1,"7":1,"8":1},"f":{"0":1,"1":1},"b":{},"_coverageSchema":"1a1c01bbd47fc00a2c39e90264f33305004495a9","hash":"51a69d2f53d87b34803d427996a5b1bf0dd8b8e8"}
,"C:\\planviaje\\backend\\src\\models\\Franja.js": {"path":"C:\\planviaje\\backend\\src\\models\\Franja.js","statementMap":{"0":{"start":{"line":1,"column":22},"end":{"line":1,"column":42}},"1":{"start":{"line":3,"column":0},"end":{"line":90,"column":2}},"2":{"start":{"line":4,"column":17},"end":{"line":67,"column":4}},"3":{"start":{"line":32,"column":10},"end":{"line":34,"column":11}},"4":{"start":{"line":33,"column":12},"end":{"line":33,"column":83}},"5":{"start":{"line":69,"column":2},"end":{"line":87,"column":4}},"6":{"start":{"line":71,"column":4},"end":{"line":74,"column":7}},"7":{"start":{"line":77,"column":4},"end":{"line":80,"column":7}},"8":{"start":{"line":83,"column":4},"end":{"line":86,"column":7}},"9":{"start":{"line":89,"column":2},"end":{"line":89,"column":16}}},"fnMap":{"0":{"name":"(anonymous_0)","decl":{"start":{"line":3,"column":17},"end":{"line":3,"column":18}},"loc":{"start":{"line":3,"column":32},"end":{"line":90,"column":1}},"line":3},"1":{"name":"(anonymous_1)","decl":{"start":{"line":31,"column":8},"end":{"line":31,"column":9}},"loc":{"start":{"line":31,"column":28},"end":{"line":35,"column":9}},"line":31},"2":{"name":"(anonymous_2)","decl":{"start":{"line":69,"column":21},"end":{"line":69,"column":22}},"loc":{"start":{"line":69,"column":33},"end":{"line":87,"column":3}},"line":69}},"branchMap":{"0":{"loc":{"start":{"line":32,"column":10},"end":{"line":34,"column":11}},"type":"if","locations":[{"start":{"line":32,"column":10},"end":{"line":34,"column":11}},{"start":{},"end":{}}],"line":32}},"s":{"0":1,"1":1,"2":1,"3":0,"4":0,"5":1,"6":1,"7":1,"8":1,"9":1},"f":{"0":1,"1":0,"2":1},"b":{"0":[0,0]},"_coverageSchema":"1a1c01bbd47fc00a2c39e90264f33305004495a9","hash":"ec6d68b4433560970bbd587b003bfc56aa3d6c2f"}
,"C:\\planviaje\\backend\\src\\models\\Gasto.js": {"path":"C:\\planviaje\\backend\\src\\models\\Gasto.js","statementMap":{"0":{"start":{"line":1,"column":22},"end":{"line":1,"column":42}},"1":{"start":{"line":3,"column":0},"end":{"line":150,"column":2}},"2":{"start":{"line":4,"column":16},"end":{"line":109,"column":4}},"3":{"start":{"line":111,"column":2},"end":{"line":147,"column":4}},"4":{"start":{"line":113,"column":4},"end":{"line":116,"column":7}},"5":{"start":{"line":119,"column":4},"end":{"line":122,"column":7}},"6":{"start":{"line":125,"column":4},"end":{"line":128,"column":7}},"7":{"start":{"line":131,"column":4},"end":{"line":134,"column":7}},"8":{"start":{"line":137,"column":4},"end":{"line":140,"column":7}},"9":{"start":{"line":143,"column":4},"end":{"line":146,"column":7}},"10":{"start":{"line":149,"column":2},"end":{"line":149,"column":15}}},"fnMap":{"0":{"name":"(anonymous_0)","decl":{"start":{"line":3,"column":17},"end":{"line":3,"column":18}},"loc":{"start":{"line":3,"column":32},"end":{"line":150,"column":1}},"line":3},"1":{"name":"(anonymous_1)","decl":{"start":{"line":111,"column":20},"end":{"line":111,"column":21}},"loc":{"start":{"line":111,"column":32},"end":{"line":147,"column":3}},"line":111}},"branchMap":{},"s":{"0":1,"1":1,"2":1,"3":1,"4":1,"5":1,"6":1,"7":1,"8":1,"9":1,"10":1},"f":{"0":1,"1":1},"b":{},"_coverageSchema":"1a1c01bbd47fc00a2c39e90264f33305004495a9","hash":"314791a9e0692c18f0f42d3540b39451f44191c8"}
,"C:\\planviaje\\backend\\src\\models\\GastoSubgrupo.js": {"path":"C:\\planviaje\\backend\\src\\models\\GastoSubgrupo.js","statementMap":{"0":{"start":{"line":1,"column":22},"end":{"line":1,"column":42}},"1":{"start":{"line":3,"column":0},"end":{"line":48,"column":2}},"2":{"start":{"line":4,"column":24},"end":{"line":41,"column":4}},"3":{"start":{"line":43,"column":2},"end":{"line":45,"column":4}},"4":{"start":{"line":47,"column":2},"end":{"line":47,"column":23}}},"fnMap":{"0":{"name":"(anonymous_0)","decl":{"start":{"line":3,"column":17},"end":{"line":3,"column":18}},"loc":{"start":{"line":3,"column":32},"end":{"line":48,"column":1}},"line":3},"1":{"name":"(anonymous_1)","decl":{"start":{"line":43,"column":28},"end":{"line":43,"column":29}},"loc":{"start":{"line":43,"column":40},"end":{"line":45,"column":3}},"line":43}},"branchMap":{},"s":{"0":1,"1":1,"2":1,"3":1,"4":1},"f":{"0":1,"1":1},"b":{},"_coverageSchema":"1a1c01bbd47fc00a2c39e90264f33305004495a9","hash":"72fd855c539176287f04490aacfe89bb44c275e9"}
,"C:\\planviaje\\backend\\src\\models\\MiembroViaje.js": {"path":"C:\\planviaje\\backend\\src\\models\\MiembroViaje.js","statementMap":{"0":{"start":{"line":1,"column":22},"end":{"line":1,"column":42}},"1":{"start":{"line":3,"column":0},"end":{"line":116,"column":2}},"2":{"start":{"line":4,"column":23},"end":{"line":91,"column":4}},"3":{"start":{"line":93,"column":2},"end":{"line":113,"column":4}},"4":{"start":{"line":95,"column":4},"end":{"line":98,"column":7}},"5":{"start":{"line":101,"column":4},"end":{"line":104,"column":7}},"6":{"start":{"line":107,"column":4},"end":{"line":112,"column":7}},"7":{"start":{"line":115,"column":2},"end":{"line":115,"column":22}}},"fnMap":{"0":{"name":"(anonymous_0)","decl":{"start":{"line":3,"column":17},"end":{"line":3,"column":18}},"loc":{"start":{"line":3,"column":32},"end":{"line":116,"column":1}},"line":3},"1":{"name":"(anonymous_1)","decl":{"start":{"line":93,"column":27},"end":{"line":93,"column":28}},"loc":{"start":{"line":93,"column":39},"end":{"line":113,"column":3}},"line":93}},"branchMap":{},"s":{"0":1,"1":1,"2":1,"3":1,"4":1,"5":1,"6":1,"7":1},"f":{"0":1,"1":1},"b":{},"_coverageSchema":"1a1c01bbd47fc00a2c39e90264f33305004495a9","hash":"3fa950406e429a4ba511ab69ca1c5eb7104ecd5a"}
,"C:\\planviaje\\backend\\src\\models\\Notificacion.js": {"path":"C:\\planviaje\\backend\\src\\models\\Notificacion.js","statementMap":{"0":{"start":{"line":1,"column":22},"end":{"line":1,"column":42}},"1":{"start":{"line":3,"column":0},"end":{"line":120,"column":2}},"2":{"start":{"line":4,"column":23},"end":{"line":97,"column":4}},"3":{"start":{"line":99,"column":2},"end":{"line":117,"column":4}},"4":{"start":{"line":101,"column":4},"end":{"line":104,"column":7}},"5":{"start":{"line":107,"column":4},"end":{"line":110,"column":7}},"6":{"start":{"line":113,"column":4},"end":{"line":116,"column":7}},"7":{"start":{"line":119,"column":2},"end":{"line":119,"column":22}}},"fnMap":{"0":{"name":"(anonymous_0)","decl":{"start":{"line":3,"column":17},"end":{"line":3,"column":18}},"loc":{"start":{"line":3,"column":32},"end":{"line":120,"column":1}},"line":3},"1":{"name":"(anonymous_1)","decl":{"start":{"line":99,"column":27},"end":{"line":99,"column":28}},"loc":{"start":{"line":99,"column":39},"end":{"line":117,"column":3}},"line":99}},"branchMap":{},"s":{"0":1,"1":1,"2":1,"3":1,"4":1,"5":1,"6":1,"7":1},"f":{"0":1,"1":1},"b":{},"_coverageSchema":"1a1c01bbd47fc00a2c39e90264f33305004495a9","hash":"52c6a539b7ebf7e8c627f81f528ff0027e807530"}
,"C:\\planviaje\\backend\\src\\models\\Pago.js": {"path":"C:\\planviaje\\backend\\src\\models\\Pago.js","statementMap":{"0":{"start":{"line":1,"column":22},"end":{"line":1,"column":42}},"1":{"start":{"line":3,"column":0},"end":{"line":134,"column":2}},"2":{"start":{"line":4,"column":15},"end":{"line":105,"column":4}},"3":{"start":{"line":107,"column":2},"end":{"line":131,"column":4}},"4":{"start":{"line":109,"column":4},"end":{"line":112,"column":7}},"5":{"start":{"line":115,"column":4},"end":{"line":118,"column":7}},"6":{"start":{"line":121,"column":4},"end":{"line":124,"column":7}},"7":{"start":{"line":127,"column":4},"end":{"line":130,"column":7}},"8":{"start":{"line":133,"column":2},"end":{"line":133,"column":14}}},"fnMap":{"0":{"name":"(anonymous_0)","decl":{"start":{"line":3,"column":17},"end":{"line":3,"column":18}},"loc":{"start":{"line":3,"column":32},"end":{"line":134,"column":1}},"line":3},"1":{"name":"(anonymous_1)","decl":{"start":{"line":107,"column":19},"end":{"line":107,"column":20}},"loc":{"start":{"line":107,"column":31},"end":{"line":131,"column":3}},"line":107}},"branchMap":{},"s":{"0":1,"1":1,"2":1,"3":1,"4":1,"5":1,"6":1,"7":1,"8":1},"f":{"0":1,"1":1},"b":{},"_coverageSchema":"1a1c01bbd47fc00a2c39e90264f33305004495a9","hash":"ba5c5f85e8b6597f750dc0c99d705b8d9257148d"}
,"C:\\planviaje\\backend\\src\\models\\Subgrupo.js": {"path":"C:\\planviaje\\backend\\src\\models\\Subgrupo.js","statementMap":{"0":{"start":{"line":1,"column":22},"end":{"line":1,"column":42}},"1":{"start":{"line":3,"column":0},"end":{"line":70,"column":2}},"2":{"start":{"line":4,"column":19},"end":{"line":45,"column":4}},"3":{"start":{"line":47,"column":2},"end":{"line":67,"column":4}},"4":{"start":{"line":49,"column":4},"end":{"line":52,"column":7}},"5":{"start":{"line":55,"column":4},"end":{"line":60,"column":7}},"6":{"start":{"line":63,"column":4},"end":{"line":66,"column":7}},"7":{"start":{"line":69,"column":2},"end":{"line":69,"column":18}}},"fnMap":{"0":{"name":"(anonymous_0)","decl":{"start":{"line":3,"column":17},"end":{"line":3,"column":18}},"loc":{"start":{"line":3,"column":32},"end":{"line":70,"column":1}},"line":3},"1":{"name":"(anonymous_1)","decl":{"start":{"line":47,"column":23},"end":{"line":47,"column":24}},"loc":{"start":{"line":47,"column":35},"end":{"line":67,"column":3}},"line":47}},"branchMap":{},"s":{"0":1,"1":1,"2":1,"3":1,"4":1,"5":1,"6":1,"7":1},"f":{"0":1,"1":1},"b":{},"_coverageSchema":"1a1c01bbd47fc00a2c39e90264f33305004495a9","hash":"71683bed89241ed408026cf85ef5d9db717e1c3d"}
,"C:\\planviaje\\backend\\src\\models\\SubgrupoMiembro.js": {"path":"C:\\planviaje\\backend\\src\\models\\SubgrupoMiembro.js","statementMap":{"0":{"start":{"line":1,"column":22},"end":{"line":1,"column":42}},"1":{"start":{"line":3,"column":0},"end":{"line":47,"column":2}},"2":{"start":{"line":4,"column":26},"end":{"line":40,"column":4}},"3":{"start":{"line":42,"column":2},"end":{"line":44,"column":4}},"4":{"start":{"line":46,"column":2},"end":{"line":46,"column":25}}},"fnMap":{"0":{"name":"(anonymous_0)","decl":{"start":{"line":3,"column":17},"end":{"line":3,"column":18}},"loc":{"start":{"line":3,"column":32},"end":{"line":47,"column":1}},"line":3},"1":{"name":"(anonymous_1)","decl":{"start":{"line":42,"column":30},"end":{"line":42,"column":31}},"loc":{"start":{"line":42,"column":42},"end":{"line":44,"column":3}},"line":42}},"branchMap":{},"s":{"0":1,"1":1,"2":1,"3":1,"4":1},"f":{"0":1,"1":1},"b":{},"_coverageSchema":"1a1c01bbd47fc00a2c39e90264f33305004495a9","hash":"0baaa4b6fd18c60c67e57475978f2466970e1d07"}
,"C:\\planviaje\\backend\\src\\models\\TasaCambio.js": {"path":"C:\\planviaje\\backend\\src\\models\\TasaCambio.js","statementMap":{"0":{"start":{"line":1,"column":22},"end":{"line":1,"column":42}},"1":{"start":{"line":3,"column":0},"end":{"line":55,"column":2}},"2":{"start":{"line":4,"column":21},"end":{"line":48,"column":4}},"3":{"start":{"line":50,"column":2},"end":{"line":52,"column":4}},"4":{"start":{"line":54,"column":2},"end":{"line":54,"column":20}}},"fnMap":{"0":{"name":"(anonymous_0)","decl":{"start":{"line":3,"column":17},"end":{"line":3,"column":18}},"loc":{"start":{"line":3,"column":32},"end":{"line":55,"column":1}},"line":3},"1":{"name":"(anonymous_1)","decl":{"start":{"line":50,"column":25},"end":{"line":50,"column":26}},"loc":{"start":{"line":50,"column":37},"end":{"line":52,"column":3}},"line":50}},"branchMap":{},"s":{"0":1,"1":1,"2":1,"3":1,"4":1},"f":{"0":1,"1":1},"b":{},"_coverageSchema":"1a1c01bbd47fc00a2c39e90264f33305004495a9","hash":"3f6136692c3a579d6aa5ad8444ba610df9901e45"}
,"C:\\planviaje\\backend\\src\\models\\User.js": {"path":"C:\\planviaje\\backend\\src\\models\\User.js","statementMap":{"0":{"start":{"line":1,"column":22},"end":{"line":1,"column":42}},"1":{"start":{"line":3,"column":0},"end":{"line":135,"column":2}},"2":{"start":{"line":4,"column":15},"end":{"line":93,"column":4}},"3":{"start":{"line":95,"column":2},"end":{"line":132,"column":4}},"4":{"start":{"line":97,"column":4},"end":{"line":100,"column":7}},"5":{"start":{"line":103,"column":4},"end":{"line":108,"column":7}},"6":{"start":{"line":111,"column":4},"end":{"line":114,"column":7}},"7":{"start":{"line":116,"column":4},"end":{"line":119,"column":7}},"8":{"start":{"line":122,"column":4},"end":{"line":125,"column":7}},"9":{"start":{"line":128,"column":4},"end":{"line":131,"column":7}},"10":{"start":{"line":134,"column":2},"end":{"line":134,"column":14}}},"fnMap":{"0":{"name":"(anonymous_0)","decl":{"start":{"line":3,"column":17},"end":{"line":3,"column":18}},"loc":{"start":{"line":3,"column":32},"end":{"line":135,"column":1}},"line":3},"1":{"name":"(anonymous_1)","decl":{"start":{"line":95,"column":19},"end":{"line":95,"column":20}},"loc":{"start":{"line":95,"column":31},"end":{"line":132,"column":3}},"line":95}},"branchMap":{},"s":{"0":1,"1":1,"2":1,"3":1,"4":1,"5":1,"6":1,"7":1,"8":1,"9":1,"10":1},"f":{"0":1,"1":1},"b":{},"_coverageSchema":"1a1c01bbd47fc00a2c39e90264f33305004495a9","hash":"0a987e1b4dd90205f61b014aa5f958be0f50c635"}
,"C:\\planviaje\\backend\\src\\models\\Viaje.js": {"path":"C:\\planviaje\\backend\\src\\models\\Viaje.js","statementMap":{"0":{"start":{"line":1,"column":22},"end":{"line":1,"column":42}},"1":{"start":{"line":3,"column":0},"end":{"line":145,"column":2}},"2":{"start":{"line":4,"column":16},"end":{"line":90,"column":4}},"3":{"start":{"line":27,"column":10},"end":{"line":29,"column":11}},"4":{"start":{"line":28,"column":12},"end":{"line":28,"column":75}},"5":{"start":{"line":92,"column":2},"end":{"line":142,"column":4}},"6":{"start":{"line":94,"column":4},"end":{"line":97,"column":7}},"7":{"start":{"line":100,"column":4},"end":{"line":105,"column":7}},"8":{"start":{"line":108,"column":4},"end":{"line":111,"column":7}},"9":{"start":{"line":114,"column":4},"end":{"line":117,"column":7}},"10":{"start":{"line":120,"column":4},"end":{"line":123,"column":7}},"11":{"start":{"line":126,"column":4},"end":{"line":129,"column":7}},"12":{"start":{"line":132,"column":4},"end":{"line":135,"column":7}},"13":{"start":{"line":138,"column":4},"end":{"line":141,"column":7}},"14":{"start":{"line":144,"column":2},"end":{"line":144,"column":15}}},"fnMap":{"0":{"name":"(anonymous_0)","decl":{"start":{"line":3,"column":17},"end":{"line":3,"column":18}},"loc":{"start":{"line":3,"column":32},"end":{"line":145,"column":1}},"line":3},"1":{"name":"(anonymous_1)","decl":{"start":{"line":26,"column":8},"end":{"line":26,"column":9}},"loc":{"start":{"line":26,"column":28},"end":{"line":30,"column":9}},"line":26},"2":{"name":"(anonymous_2)","decl":{"start":{"line":92,"column":20},"end":{"line":92,"column":21}},"loc":{"start":{"line":92,"column":32},"end":{"line":142,"column":3}},"line":92}},"branchMap":{"0":{"loc":{"start":{"line":27,"column":10},"end":{"line":29,"column":11}},"type":"if","locations":[{"start":{"line":27,"column":10},"end":{"line":29,"column":11}},{"start":{},"end":{}}],"line":27}},"s":{"0":1,"1":1,"2":1,"3":1,"4":0,"5":1,"6":1,"7":1,"8":1,"9":1,"10":1,"11":1,"12":1,"13":1,"14":1},"f":{"0":1,"1":1,"2":1},"b":{"0":[0,1]},"_coverageSchema":"1a1c01bbd47fc00a2c39e90264f33305004495a9","hash":"c84a8a0023bd849599f0237e6238385d08619a5b"}
,"C:\\planviaje\\backend\\src\\models\\index.js": {"path":"C:\\planviaje\\backend\\src\\models\\index.js","statementMap":{"0":{"start":{"line":1,"column":22},"end":{"line":1,"column":42}},"1":{"start":{"line":2,"column":12},"end":{"line":2,"column":44}},"2":{"start":{"line":5,"column":18},"end":{"line":21,"column":1}},"3":{"start":{"line":24,"column":15},"end":{"line":42,"column":1}},"4":{"start":{"line":45,"column":0},"end":{"line":49,"column":3}},"5":{"start":{"line":46,"column":2},"end":{"line":48,"column":3}},"6":{"start":{"line":47,"column":4},"end":{"line":47,"column":40}},"7":{"start":{"line":52,"column":0},"end":{"line":52,"column":29}},"8":{"start":{"line":53,"column":0},"end":{"line":53,"column":29}},"9":{"start":{"line":55,"column":0},"end":{"line":55,"column":24}}},"fnMap":{"0":{"name":"(anonymous_0)","decl":{"start":{"line":45,"column":28},"end":{"line":45,"column":29}},"loc":{"start":{"line":45,"column":43},"end":{"line":49,"column":1}},"line":45}},"branchMap":{"0":{"loc":{"start":{"line":46,"column":2},"end":{"line":48,"column":3}},"type":"if","locations":[{"start":{"line":46,"column":2},"end":{"line":48,"column":3}},{"start":{},"end":{}}],"line":46}},"s":{"0":1,"1":1,"2":1,"3":1,"4":1,"5":17,"6":17,"7":1,"8":1,"9":1},"f":{"0":17},"b":{"0":[17,0]},"_coverageSchema":"1a1c01bbd47fc00a2c39e90264f33305004495a9","hash":"fbb7bcaa74552b49b237c24a4fe83a50f590b63f"}
,"C:\\planviaje\\backend\\src\\routes\\deudas.routes.js": {"path":"C:\\planviaje\\backend\\src\\routes\\deudas.routes.js","statementMap":{"0":{"start":{"line":1,"column":16},"end":{"line":1,"column":34}},"1":{"start":{"line":2,"column":15},"end":{"line":2,"column":31}},"2":{"start":{"line":3,"column":25},"end":{"line":3,"column":67}},"3":{"start":{"line":6,"column":0},"end":{"line":6,"column":56}},"4":{"start":{"line":8,"column":0},"end":{"line":8,"column":24}}},"fnMap":{},"branchMap":{},"s":{"0":1,"1":1,"2":1,"3":1,"4":1},"f":{},"b":{},"_coverageSchema":"1a1c01bbd47fc00a2c39e90264f33305004495a9","hash":"bca95ee8692f365d3bd26f94348d3e025307ea1d"}
,"C:\\planviaje\\backend\\src\\routes\\gastos.routes.js": {"path":"C:\\planviaje\\backend\\src\\routes\\gastos.routes.js","statementMap":{"0":{"start":{"line":1,"column":16},"end":{"line":1,"column":34}},"1":{"start":{"line":2,"column":15},"end":{"line":2,"column":52}},"2":{"start":{"line":3,"column":25},"end":{"line":3,"column":67}},"3":{"start":{"line":11,"column":0},"end":{"line":11,"column":71}},"4":{"start":{"line":14,"column":0},"end":{"line":14,"column":69}},"5":{"start":{"line":17,"column":0},"end":{"line":17,"column":85}},"6":{"start":{"line":20,"column":0},"end":{"line":20,"column":78}},"7":{"start":{"line":23,"column":0},"end":{"line":23,"column":81}},"8":{"start":{"line":26,"column":0},"end":{"line":26,"column":82}},"9":{"start":{"line":28,"column":0},"end":{"line":28,"column":24}}},"fnMap":{},"branchMap":{},"s":{"0":1,"1":1,"2":1,"3":1,"4":1,"5":1,"6":1,"7":1,"8":1,"9":1},"f":{},"b":{},"_coverageSchema":"1a1c01bbd47fc00a2c39e90264f33305004495a9","hash":"0ea40a644a7a259cac4824396f6fd9062082621b"}
,"C:\\planviaje\\backend\\src\\routes\\tasas-cambio.routes.js": {"path":"C:\\planviaje\\backend\\src\\routes\\tasas-cambio.routes.js","statementMap":{"0":{"start":{"line":1,"column":16},"end":{"line":1,"column":34}},"1":{"start":{"line":2,"column":15},"end":{"line":2,"column":31}},"2":{"start":{"line":3,"column":30},"end":{"line":3,"column":77}},"3":{"start":{"line":11,"column":0},"end":{"line":11,"column":85}},"4":{"start":{"line":14,"column":0},"end":{"line":14,"column":93}},"5":{"start":{"line":17,"column":0},"end":{"line":17,"column":106}},"6":{"start":{"line":20,"column":0},"end":{"line":20,"column":113}},"7":{"start":{"line":23,"column":0},"end":{"line":23,"column":90}},"8":{"start":{"line":26,"column":0},"end":{"line":26,"column":84}},"9":{"start":{"line":28,"column":0},"end":{"line":28,"column":24}}},"fnMap":{},"branchMap":{},"s":{"0":1,"1":1,"2":1,"3":1,"4":1,"5":1,"6":1,"7":1,"8":1,"9":1},"f":{},"b":{},"_coverageSchema":"1a1c01bbd47fc00a2c39e90264f33305004495a9","hash":"a84221affb5420b25cd2baf256c1fd1d32092877"}
,"C:\\planviaje\\backend\\src\\routes\\viajes.routes.js": {"path":"C:\\planviaje\\backend\\src\\routes\\viajes.routes.js","statementMap":{"0":{"start":{"line":1,"column":16},"end":{"line":1,"column":34}},"1":{"start":{"line":2,"column":15},"end":{"line":2,"column":31}},"2":{"start":{"line":3,"column":25},"end":{"line":3,"column":67}},"3":{"start":{"line":4,"column":25},"end":{"line":4,"column":67}},"4":{"start":{"line":5,"column":27},"end":{"line":5,"column":71}},"5":{"start":{"line":12,"column":0},"end":{"line":12,"column":71}},"6":{"start":{"line":15,"column":0},"end":{"line":15,"column":69}},"7":{"start":{"line":18,"column":0},"end":{"line":18,"column":80}},"8":{"start":{"line":21,"column":0},"end":{"line":21,"column":76}},"9":{"start":{"line":24,"column":0},"end":{"line":24,"column":77}},"10":{"start":{"line":31,"column":0},"end":{"line":31,"column":92}},"11":{"start":{"line":34,"column":0},"end":{"line":34,"column":89}},"12":{"start":{"line":37,"column":0},"end":{"line":37,"column":81}},"13":{"start":{"line":44,"column":0},"end":{"line":44,"column":112}},"14":{"start":{"line":47,"column":0},"end":{"line":47,"column":106}},"15":{"start":{"line":50,"column":0},"end":{"line":50,"column":114}},"16":{"start":{"line":53,"column":0},"end":{"line":53,"column":93}},"17":{"start":{"line":55,"column":0},"end":{"line":55,"column":24}}},"fnMap":{},"branchMap":{},"s":{"0":1,"1":1,"2":1,"3":1,"4":1,"5":1,"6":1,"7":1,"8":1,"9":1,"10":1,"11":1,"12":1,"13":1,"14":1,"15":1,"16":1,"17":1},"f":{},"b":{},"_coverageSchema":"1a1c01bbd47fc00a2c39e90264f33305004495a9","hash":"b3d5f1551d6dcae08cb0d765c71b208b401caed3"}
,"C:\\planviaje\\backend\\src\\services\\cambiosMonedaService.js": {"path":"C:\\planviaje\\backend\\src\\services\\cambiosMonedaService.js","statementMap":{"0":{"start":{"line":1,"column":37},"end":{"line":1,"column":57}},"1":{"start":{"line":2,"column":15},"end":{"line":2,"column":35}},"2":{"start":{"line":3,"column":15},"end":{"line":3,"column":41}},"3":{"start":{"line":4,"column":14},"end":{"line":4,"column":30}},"4":{"start":{"line":5,"column":20},"end":{"line":5,"column":50}},"5":{"start":{"line":19,"column":4},"end":{"line":45,"column":5}},"6":{"start":{"line":21,"column":6},"end":{"line":23,"column":7}},"7":{"start":{"line":22,"column":8},"end":{"line":22,"column":17}},"8":{"start":{"line":26,"column":19},"end":{"line":33,"column":8}},"9":{"start":{"line":35,"column":6},"end":{"line":39,"column":7}},"10":{"start":{"line":36,"column":8},"end":{"line":38,"column":10}},"11":{"start":{"line":41,"column":6},"end":{"line":41,"column":35}},"12":{"start":{"line":43,"column":6},"end":{"line":43,"column":59}},"13":{"start":{"line":44,"column":6},"end":{"line":44,"column":18}},"14":{"start":{"line":56,"column":4},"end":{"line":69,"column":5}},"15":{"start":{"line":57,"column":6},"end":{"line":59,"column":7}},"16":{"start":{"line":58,"column":8},"end":{"line":58,"column":21}},"17":{"start":{"line":61,"column":19},"end":{"line":61,"column":76}},"18":{"start":{"line":62,"column":30},"end":{"line":62,"column":42}},"19":{"start":{"line":65,"column":6},"end":{"line":65,"column":53}},"20":{"start":{"line":67,"column":6},"end":{"line":67,"column":55}},"21":{"start":{"line":68,"column":6},"end":{"line":68,"column":18}},"22":{"start":{"line":79,"column":4},"end":{"line":111,"column":5}},"23":{"start":{"line":80,"column":24},"end":{"line":84,"column":7}},"24":{"start":{"line":87,"column":6},"end":{"line":93,"column":7}},"25":{"start":{"line":88,"column":8},"end":{"line":88,"column":36}},"26":{"start":{"line":89,"column":13},"end":{"line":93,"column":7}},"27":{"start":{"line":90,"column":8},"end":{"line":90,"column":36}},"28":{"start":{"line":91,"column":13},"end":{"line":93,"column":7}},"29":{"start":{"line":92,"column":8},"end":{"line":92,"column":36}},"30":{"start":{"line":96,"column":6},"end":{"line":105,"column":7}},"31":{"start":{"line":97,"column":8},"end":{"line":97,"column":89}},"32":{"start":{"line":98,"column":8},"end":{"line":98,"column":89}},"33":{"start":{"line":99,"column":13},"end":{"line":105,"column":7}},"34":{"start":{"line":100,"column":8},"end":{"line":100,"column":89}},"35":{"start":{"line":101,"column":8},"end":{"line":101,"column":89}},"36":{"start":{"line":102,"column":13},"end":{"line":105,"column":7}},"37":{"start":{"line":103,"column":8},"end":{"line":103,"column":89}},"38":{"start":{"line":104,"column":8},"end":{"line":104,"column":89}},"39":{"start":{"line":107,"column":6},"end":{"line":107,"column":23}},"40":{"start":{"line":109,"column":6},"end":{"line":109,"column":75}},"41":{"start":{"line":110,"column":6},"end":{"line":110,"column":18}},"42":{"start":{"line":120,"column":4},"end":{"line":156,"column":5}},"43":{"start":{"line":121,"column":33},"end":{"line":121,"column":35}},"44":{"start":{"line":124,"column":21},"end":{"line":126,"column":8}},"45":{"start":{"line":129,"column":6},"end":{"line":145,"column":7}},"46":{"start":{"line":130,"column":34},"end":{"line":135,"column":9}},"47":{"start":{"line":138,"column":8},"end":{"line":142,"column":11}},"48":{"start":{"line":144,"column":8},"end":{"line":144,"column":48}},"49":{"start":{"line":147,"column":6},"end":{"line":147,"column":91}},"50":{"start":{"line":149,"column":6},"end":{"line":152,"column":8}},"51":{"start":{"line":154,"column":6},"end":{"line":154,"column":57}},"52":{"start":{"line":155,"column":6},"end":{"line":155,"column":18}},"53":{"start":{"line":164,"column":4},"end":{"line":264,"column":5}},"54":{"start":{"line":165,"column":21},"end":{"line":165,"column":106}},"55":{"start":{"line":167,"column":6},"end":{"line":167,"column":53}},"56":{"start":{"line":168,"column":23},"end":{"line":168,"column":46}},"57":{"start":{"line":169,"column":20},"end":{"line":169,"column":39}},"58":{"start":{"line":171,"column":27},"end":{"line":171,"column":29}},"59":{"start":{"line":174,"column":6},"end":{"line":177,"column":8}},"60":{"start":{"line":180,"column":23},"end":{"line":187,"column":8}},"61":{"start":{"line":188,"column":6},"end":{"line":188,"column":34}},"62":{"start":{"line":191,"column":23},"end":{"line":198,"column":8}},"63":{"start":{"line":199,"column":6},"end":{"line":199,"column":34}},"64":{"start":{"line":203,"column":23},"end":{"line":203,"column":44}},"65":{"start":{"line":204,"column":29},"end":{"line":211,"column":8}},"66":{"start":{"line":212,"column":6},"end":{"line":212,"column":40}},"67":{"start":{"line":215,"column":23},"end":{"line":215,"column":36}},"68":{"start":{"line":216,"column":29},"end":{"line":223,"column":8}},"69":{"start":{"line":224,"column":6},"end":{"line":224,"column":40}},"70":{"start":{"line":227,"column":23},"end":{"line":227,"column":44}},"71":{"start":{"line":228,"column":29},"end":{"line":235,"column":8}},"72":{"start":{"line":236,"column":6},"end":{"line":236,"column":40}},"73":{"start":{"line":239,"column":23},"end":{"line":239,"column":36}},"74":{"start":{"line":240,"column":29},"end":{"line":247,"column":8}},"75":{"start":{"line":248,"column":6},"end":{"line":248,"column":40}},"76":{"start":{"line":250,"column":6},"end":{"line":250,"column":82}},"77":{"start":{"line":252,"column":6},"end":{"line":260,"column":8}},"78":{"start":{"line":255,"column":38},"end":{"line":259,"column":9}},"79":{"start":{"line":262,"column":6},"end":{"line":262,"column":66}},"80":{"start":{"line":263,"column":6},"end":{"line":263,"column":18}},"81":{"start":{"line":273,"column":4},"end":{"line":304,"column":5}},"82":{"start":{"line":274,"column":71},"end":{"line":274,"column":75}},"83":{"start":{"line":277,"column":6},"end":{"line":286,"column":8}},"84":{"start":{"line":289,"column":24},"end":{"line":296,"column":8}},"85":{"start":{"line":298,"column":6},"end":{"line":298,"column":84}},"86":{"start":{"line":300,"column":6},"end":{"line":300,"column":23}},"87":{"start":{"line":302,"column":6},"end":{"line":302,"column":57}},"88":{"start":{"line":303,"column":6},"end":{"line":303,"column":18}},"89":{"start":{"line":314,"column":4},"end":{"line":328,"column":5}},"90":{"start":{"line":315,"column":24},"end":{"line":322,"column":8}},"91":{"start":{"line":324,"column":6},"end":{"line":324,"column":23}},"92":{"start":{"line":326,"column":6},"end":{"line":326,"column":66}},"93":{"start":{"line":327,"column":6},"end":{"line":327,"column":18}},"94":{"start":{"line":332,"column":0},"end":{"line":332,"column":44}}},"fnMap":{"0":{"name":"(anonymous_0)","decl":{"start":{"line":18,"column":2},"end":{"line":18,"column":3}},"loc":{"start":{"line":18,"column":53},"end":{"line":46,"column":3}},"line":18},"1":{"name":"(anonymous_1)","decl":{"start":{"line":55,"column":2},"end":{"line":55,"column":3}},"loc":{"start":{"line":55,"column":59},"end":{"line":70,"column":3}},"line":55},"2":{"name":"(anonymous_2)","decl":{"start":{"line":78,"column":2},"end":{"line":78,"column":3}},"loc":{"start":{"line":78,"column":62},"end":{"line":112,"column":3}},"line":78},"3":{"name":"(anonymous_3)","decl":{"start":{"line":119,"column":2},"end":{"line":119,"column":3}},"loc":{"start":{"line":119,"column":47},"end":{"line":157,"column":3}},"line":119},"4":{"name":"(anonymous_4)","decl":{"start":{"line":163,"column":2},"end":{"line":163,"column":3}},"loc":{"start":{"line":163,"column":34},"end":{"line":265,"column":3}},"line":163},"5":{"name":"(anonymous_5)","decl":{"start":{"line":255,"column":32},"end":{"line":255,"column":33}},"loc":{"start":{"line":255,"column":38},"end":{"line":259,"column":9}},"line":255},"6":{"name":"(anonymous_6)","decl":{"start":{"line":272,"column":2},"end":{"line":272,"column":3}},"loc":{"start":{"line":272,"column":30},"end":{"line":305,"column":3}},"line":272},"7":{"name":"(anonymous_7)","decl":{"start":{"line":313,"column":2},"end":{"line":313,"column":3}},"loc":{"start":{"line":313,"column":57},"end":{"line":329,"column":3}},"line":313}},"branchMap":{"0":{"loc":{"start":{"line":21,"column":6},"end":{"line":23,"column":7}},"type":"if","locations":[{"start":{"line":21,"column":6},"end":{"line":23,"column":7}},{"start":{},"end":{}}],"line":21},"1":{"loc":{"start":{"line":35,"column":6},"end":{"line":39,"column":7}},"type":"if","locations":[{"start":{"line":35,"column":6},"end":{"line":39,"column":7}},{"start":{},"end":{}}],"line":35},"2":{"loc":{"start":{"line":57,"column":6},"end":{"line":59,"column":7}},"type":"if","locations":[{"start":{"line":57,"column":6},"end":{"line":59,"column":7}},{"start":{},"end":{}}],"line":57},"3":{"loc":{"start":{"line":87,"column":6},"end":{"line":93,"column":7}},"type":"if","locations":[{"start":{"line":87,"column":6},"end":{"line":93,"column":7}},{"start":{"line":89,"column":13},"end":{"line":93,"column":7}}],"line":87},"4":{"loc":{"start":{"line":89,"column":13},"end":{"line":93,"column":7}},"type":"if","locations":[{"start":{"line":89,"column":13},"end":{"line":93,"column":7}},{"start":{"line":91,"column":13},"end":{"line":93,"column":7}}],"line":89},"5":{"loc":{"start":{"line":91,"column":13},"end":{"line":93,"column":7}},"type":"if","locations":[{"start":{"line":91,"column":13},"end":{"line":93,"column":7}},{"start":{},"end":{}}],"line":91},"6":{"loc":{"start":{"line":96,"column":6},"end":{"line":105,"column":7}},"type":"if","locations":[{"start":{"line":96,"column":6},"end":{"line":105,"column":7}},{"start":{"line":99,"column":13},"end":{"line":105,"column":7}}],"line":96},"7":{"loc":{"start":{"line":99,"column":13},"end":{"line":105,"column":7}},"type":"if","locations":[{"start":{"line":99,"column":13},"end":{"line":105,"column":7}},{"start":{"line":102,"column":13},"end":{"line":105,"column":7}}],"line":99},"8":{"loc":{"start":{"line":102,"column":13},"end":{"line":105,"column":7}},"type":"if","locations":[{"start":{"line":102,"column":13},"end":{"line":105,"column":7}},{"start":{},"end":{}}],"line":102},"9":{"loc":{"start":{"line":131,"column":10},"end":{"line":133,"column":25}},"type":"cond-expr","locations":[{"start":{"line":131,"column":50},"end":{"line":131,"column":65}},{"start":{"line":132,"column":10},"end":{"line":133,"column":25}}],"line":131},"10":{"loc":{"start":{"line":132,"column":10},"end":{"line":133,"column":25}},"type":"cond-expr","locations":[{"start":{"line":132,"column":50},"end":{"line":132,"column":65}},{"start":{"line":133,"column":10},"end":{"line":133,"column":25}}],"line":132},"11":{"loc":{"start":{"line":165,"column":21},"end":{"line":165,"column":106}},"type":"binary-expr","locations":[{"start":{"line":165,"column":21},"end":{"line":165,"column":54}},{"start":{"line":165,"column":58},"end":{"line":165,"column":106}}],"line":165},"12":{"loc":{"start":{"line":274,"column":49},"end":{"line":274,"column":66}},"type":"default-arg","locations":[{"start":{"line":274,"column":58},"end":{"line":274,"column":66}}],"line":274}},"s":{"0":1,"1":1,"2":1,"3":1,"4":1,"5":210,"6":210,"7":0,"8":210,"9":210,"10":0,"11":210,"12":0,"13":0,"14":210,"15":210,"16":0,"17":210,"18":210,"19":210,"20":0,"21":0,"22":105,"23":105,"24":105,"25":1,"26":104,"27":1,"28":103,"29":103,"30":105,"31":103,"32":103,"33":2,"34":1,"35":1,"36":1,"37":1,"38":1,"39":105,"40":0,"41":0,"42":0,"43":0,"44":0,"45":0,"46":0,"47":0,"48":0,"49":0,"50":0,"51":0,"52":0,"53":1,"54":1,"55":1,"56":1,"57":1,"58":1,"59":1,"60":1,"61":1,"62":1,"63":1,"64":1,"65":1,"66":1,"67":1,"68":1,"69":1,"70":1,"71":1,"72":1,"73":1,"74":1,"75":1,"76":1,"77":1,"78":6,"79":0,"80":0,"81":3,"82":3,"83":3,"84":3,"85":3,"86":3,"87":0,"88":0,"89":1,"90":1,"91":1,"92":0,"93":0,"94":1},"f":{"0":210,"1":210,"2":105,"3":0,"4":1,"5":6,"6":3,"7":1},"b":{"0":[0,210],"1":[0,210],"2":[0,210],"3":[1,104],"4":[1,103],"5":[103,0],"6":[103,2],"7":[1,1],"8":[1,0],"9":[0,0],"10":[0,0],"11":[1,1],"12":[1]},"_coverageSchema":"1a1c01bbd47fc00a2c39e90264f33305004495a9","hash":"de4f02124b4a13e63dcece09774b838dd8c35e86"}
,"C:\\planviaje\\backend\\src\\services\\deudasService.js": {"path":"C:\\planviaje\\backend\\src\\services\\deudasService.js","statementMap":{"0":{"start":{"line":1,"column":56},"end":{"line":1,"column":76}},"1":{"start":{"line":2,"column":20},"end":{"line":2,"column":50}},"2":{"start":{"line":3,"column":29},"end":{"line":3,"column":62}},"3":{"start":{"line":11,"column":4},"end":{"line":91,"column":5}},"4":{"start":{"line":13,"column":21},"end":{"line":23,"column":8}},"5":{"start":{"line":25,"column":6},"end":{"line":27,"column":7}},"6":{"start":{"line":26,"column":8},"end":{"line":26,"column":43}},"7":{"start":{"line":30,"column":23},"end":{"line":37,"column":8}},"8":{"start":{"line":39,"column":28},"end":{"line":39,"column":43}},"9":{"start":{"line":40,"column":6},"end":{"line":42,"column":7}},"10":{"start":{"line":41,"column":8},"end":{"line":41,"column":57}},"11":{"start":{"line":45,"column":23},"end":{"line":45,"column":25}},"12":{"start":{"line":46,"column":25},"end":{"line":46,"column":26}},"13":{"start":{"line":49,"column":6},"end":{"line":56,"column":9}},"14":{"start":{"line":50,"column":8},"end":{"line":55,"column":10}},"15":{"start":{"line":59,"column":6},"end":{"line":63,"column":9}},"16":{"start":{"line":60,"column":34},"end":{"line":60,"column":85}},"17":{"start":{"line":61,"column":8},"end":{"line":61,"column":71}},"18":{"start":{"line":62,"column":8},"end":{"line":62,"column":42}},"19":{"start":{"line":66,"column":30},"end":{"line":66,"column":58}},"20":{"start":{"line":67,"column":6},"end":{"line":70,"column":9}},"21":{"start":{"line":68,"column":8},"end":{"line":68,"column":54}},"22":{"start":{"line":69,"column":8},"end":{"line":69,"column":77}},"23":{"start":{"line":73,"column":21},"end":{"line":73,"column":80}},"24":{"start":{"line":76,"column":6},"end":{"line":76,"column":67}},"25":{"start":{"line":78,"column":6},"end":{"line":87,"column":8}},"26":{"start":{"line":89,"column":6},"end":{"line":89,"column":55}},"27":{"start":{"line":90,"column":6},"end":{"line":90,"column":18}},"28":{"start":{"line":98,"column":4},"end":{"line":106,"column":5}},"29":{"start":{"line":100,"column":8},"end":{"line":100,"column":48}},"30":{"start":{"line":102,"column":8},"end":{"line":102,"column":48}},"31":{"start":{"line":105,"column":8},"end":{"line":105,"column":48}},"32":{"start":{"line":114,"column":19},"end":{"line":114,"column":21}},"33":{"start":{"line":117,"column":23},"end":{"line":117,"column":25}},"34":{"start":{"line":118,"column":21},"end":{"line":118,"column":23}},"35":{"start":{"line":120,"column":4},"end":{"line":134,"column":7}},"36":{"start":{"line":121,"column":6},"end":{"line":133,"column":7}},"37":{"start":{"line":122,"column":8},"end":{"line":126,"column":11}},"38":{"start":{"line":127,"column":13},"end":{"line":133,"column":7}},"39":{"start":{"line":128,"column":8},"end":{"line":132,"column":11}},"40":{"start":{"line":137,"column":12},"end":{"line":137,"column":13}},"41":{"start":{"line":137,"column":19},"end":{"line":137,"column":20}},"42":{"start":{"line":138,"column":4},"end":{"line":160,"column":5}},"43":{"start":{"line":139,"column":23},"end":{"line":139,"column":36}},"44":{"start":{"line":140,"column":21},"end":{"line":140,"column":32}},"45":{"start":{"line":142,"column":33},"end":{"line":142,"column":71}},"46":{"start":{"line":144,"column":6},"end":{"line":153,"column":7}},"47":{"start":{"line":145,"column":8},"end":{"line":152,"column":11}},"48":{"start":{"line":155,"column":6},"end":{"line":155,"column":43}},"49":{"start":{"line":156,"column":6},"end":{"line":156,"column":41}},"50":{"start":{"line":158,"column":6},"end":{"line":158,"column":37}},"51":{"start":{"line":158,"column":33},"end":{"line":158,"column":37}},"52":{"start":{"line":159,"column":6},"end":{"line":159,"column":35}},"53":{"start":{"line":159,"column":31},"end":{"line":159,"column":35}},"54":{"start":{"line":162,"column":4},"end":{"line":162,"column":18}},"55":{"start":{"line":169,"column":4},"end":{"line":202,"column":5}},"56":{"start":{"line":171,"column":6},"end":{"line":171,"column":60}},"57":{"start":{"line":174,"column":32},"end":{"line":174,"column":34}},"58":{"start":{"line":176,"column":6},"end":{"line":192,"column":7}},"59":{"start":{"line":177,"column":34},"end":{"line":180,"column":9}},"60":{"start":{"line":182,"column":8},"end":{"line":191,"column":11}},"61":{"start":{"line":194,"column":6},"end":{"line":196,"column":7}},"62":{"start":{"line":195,"column":8},"end":{"line":195,"column":50}},"63":{"start":{"line":198,"column":6},"end":{"line":198,"column":31}},"64":{"start":{"line":200,"column":6},"end":{"line":200,"column":54}},"65":{"start":{"line":201,"column":6},"end":{"line":201,"column":18}},"66":{"start":{"line":209,"column":4},"end":{"line":246,"column":5}},"67":{"start":{"line":210,"column":21},"end":{"line":225,"column":8}},"68":{"start":{"line":228,"column":6},"end":{"line":242,"column":10}},"69":{"start":{"line":228,"column":34},"end":{"line":242,"column":7}},"70":{"start":{"line":244,"column":6},"end":{"line":244,"column":55}},"71":{"start":{"line":245,"column":6},"end":{"line":245,"column":18}},"72":{"start":{"line":253,"column":4},"end":{"line":261,"column":5}},"73":{"start":{"line":255,"column":8},"end":{"line":255,"column":48}},"74":{"start":{"line":257,"column":8},"end":{"line":257,"column":48}},"75":{"start":{"line":260,"column":8},"end":{"line":260,"column":48}},"76":{"start":{"line":268,"column":4},"end":{"line":283,"column":5}},"77":{"start":{"line":269,"column":20},"end":{"line":269,"column":49}},"78":{"start":{"line":270,"column":6},"end":{"line":272,"column":7}},"79":{"start":{"line":271,"column":8},"end":{"line":271,"column":47}},"80":{"start":{"line":274,"column":6},"end":{"line":277,"column":9}},"81":{"start":{"line":279,"column":6},"end":{"line":279,"column":19}},"82":{"start":{"line":281,"column":6},"end":{"line":281,"column":64}},"83":{"start":{"line":282,"column":6},"end":{"line":282,"column":18}},"84":{"start":{"line":290,"column":4},"end":{"line":360,"column":5}},"85":{"start":{"line":291,"column":26},"end":{"line":291,"column":28}},"86":{"start":{"line":292,"column":6},"end":{"line":294,"column":7}},"87":{"start":{"line":293,"column":8},"end":{"line":293,"column":39}},"88":{"start":{"line":297,"column":29},"end":{"line":310,"column":8}},"89":{"start":{"line":313,"column":30},"end":{"line":326,"column":8}},"90":{"start":{"line":329,"column":28},"end":{"line":330,"column":68}},"91":{"start":{"line":330,"column":8},"end":{"line":330,"column":64}},"92":{"start":{"line":332,"column":29},"end":{"line":333,"column":68}},"93":{"start":{"line":333,"column":8},"end":{"line":333,"column":64}},"94":{"start":{"line":335,"column":6},"end":{"line":356,"column":8}},"95":{"start":{"line":337,"column":43},"end":{"line":342,"column":11}},"96":{"start":{"line":346,"column":44},"end":{"line":351,"column":11}},"97":{"start":{"line":358,"column":6},"end":{"line":358,"column":66}},"98":{"start":{"line":359,"column":6},"end":{"line":359,"column":18}},"99":{"start":{"line":364,"column":0},"end":{"line":364,"column":37}}},"fnMap":{"0":{"name":"(anonymous_0)","decl":{"start":{"line":10,"column":2},"end":{"line":10,"column":3}},"loc":{"start":{"line":10,"column":69},"end":{"line":92,"column":3}},"line":10},"1":{"name":"(anonymous_1)","decl":{"start":{"line":49,"column":23},"end":{"line":49,"column":24}},"loc":{"start":{"line":49,"column":34},"end":{"line":56,"column":7}},"line":49},"2":{"name":"(anonymous_2)","decl":{"start":{"line":59,"column":21},"end":{"line":59,"column":22}},"loc":{"start":{"line":59,"column":30},"end":{"line":63,"column":7}},"line":59},"3":{"name":"(anonymous_3)","decl":{"start":{"line":67,"column":36},"end":{"line":67,"column":37}},"loc":{"start":{"line":67,"column":46},"end":{"line":70,"column":7}},"line":67},"4":{"name":"(anonymous_4)","decl":{"start":{"line":97,"column":2},"end":{"line":97,"column":3}},"loc":{"start":{"line":97,"column":39},"end":{"line":107,"column":3}},"line":97},"5":{"name":"(anonymous_5)","decl":{"start":{"line":113,"column":2},"end":{"line":113,"column":3}},"loc":{"start":{"line":113,"column":57},"end":{"line":163,"column":3}},"line":113},"6":{"name":"(anonymous_6)","decl":{"start":{"line":120,"column":37},"end":{"line":120,"column":38}},"loc":{"start":{"line":120,"column":57},"end":{"line":134,"column":5}},"line":120},"7":{"name":"(anonymous_7)","decl":{"start":{"line":168,"column":2},"end":{"line":168,"column":3}},"loc":{"start":{"line":168,"column":58},"end":{"line":203,"column":3}},"line":168},"8":{"name":"(anonymous_8)","decl":{"start":{"line":208,"column":2},"end":{"line":208,"column":3}},"loc":{"start":{"line":208,"column":68},"end":{"line":247,"column":3}},"line":208},"9":{"name":"(anonymous_9)","decl":{"start":{"line":228,"column":24},"end":{"line":228,"column":25}},"loc":{"start":{"line":228,"column":34},"end":{"line":242,"column":7}},"line":228},"10":{"name":"(anonymous_10)","decl":{"start":{"line":252,"column":2},"end":{"line":252,"column":3}},"loc":{"start":{"line":252,"column":38},"end":{"line":262,"column":3}},"line":252},"11":{"name":"(anonymous_11)","decl":{"start":{"line":267,"column":2},"end":{"line":267,"column":3}},"loc":{"start":{"line":267,"column":35},"end":{"line":284,"column":3}},"line":267},"12":{"name":"(anonymous_12)","decl":{"start":{"line":289,"column":2},"end":{"line":289,"column":3}},"loc":{"start":{"line":289,"column":88},"end":{"line":361,"column":3}},"line":289},"13":{"name":"(anonymous_13)","decl":{"start":{"line":329,"column":50},"end":{"line":329,"column":51}},"loc":{"start":{"line":330,"column":8},"end":{"line":330,"column":64}},"line":330},"14":{"name":"(anonymous_14)","decl":{"start":{"line":332,"column":52},"end":{"line":332,"column":53}},"loc":{"start":{"line":333,"column":8},"end":{"line":333,"column":64}},"line":333},"15":{"name":"(
[...]
line":158,"column":6},"end":{"line":164,"column":7}},"type":"if","locations":[{"start":{"line":158,"column":6},"end":{"line":164,"column":7}},{"start":{},"end":{}}],"line":158},"14":{"loc":{"start":{"line":197,"column":6},"end":{"line":203,"column":7}},"type":"if","locations":[{"start":{"line":197,"column":6},"end":{"line":203,"column":7}},{"start":{},"end":{}}],"line":197},"15":{"loc":{"start":{"line":211,"column":17},"end":{"line":211,"column":100}},"type":"cond-expr","locations":[{"start":{"line":211,"column":33},"end":{"line":211,"column":84}},{"start":{"line":211,"column":87},"end":{"line":211,"column":100}}],"line":211},"16":{"loc":{"start":{"line":227,"column":42},"end":{"line":227,"column":57}},"type":"default-arg","locations":[{"start":{"line":227,"column":52},"end":{"line":227,"column":57}}],"line":227},"17":{"loc":{"start":{"line":227,"column":59},"end":{"line":227,"column":89}},"type":"default-arg","locations":[{"start":{"line":227,"column":78},"end":{"line":227,"column":89}}],"line":227},"18":{"loc":{"start":{"line":234,"column":6},"end":{"line":236,"column":7}},"type":"if","locations":[{"start":{"line":234,"column":6},"end":{"line":236,"column":7}},{"start":{},"end":{}}],"line":234},"19":{"loc":{"start":{"line":241,"column":6},"end":{"line":258,"column":7}},"type":"switch","locations":[{"start":{"line":242,"column":8},"end":{"line":248,"column":16}},{"start":{"line":249,"column":8},"end":{"line":254,"column":16}},{"start":{"line":255,"column":8},"end":{"line":255,"column":19}},{"start":{"line":256,"column":8},"end":{"line":257,"column":80}}],"line":241},"20":{"loc":{"start":{"line":264,"column":8},"end":{"line":266,"column":9}},"type":"if","locations":[{"start":{"line":264,"column":8},"end":{"line":266,"column":9}},{"start":{},"end":{}}],"line":264},"21":{"loc":{"start":{"line":302,"column":6},"end":{"line":307,"column":7}},"type":"if","locations":[{"start":{"line":302,"column":6},"end":{"line":307,"column":7}},{"start":{},"end":{}}],"line":302},"22":{"loc":{"start":{"line":311,"column":56},"end":{"line":311,"column":72}},"type":"binary-expr","locations":[{"start":{"line":311,"column":56},"end":{"line":311,"column":67}},{"start":{"line":311,"column":71},"end":{"line":311,"column":72}}],"line":311},"23":{"loc":{"start":{"line":312,"column":56},"end":{"line":312,"column":72}},"type":"binary-expr","locations":[{"start":{"line":312,"column":56},"end":{"line":312,"column":67}},{"start":{"line":312,"column":71},"end":{"line":312,"column":72}}],"line":312},"24":{"loc":{"start":{"line":313,"column":56},"end":{"line":313,"column":72}},"type":"binary-expr","locations":[{"start":{"line":313,"column":56},"end":{"line":313,"column":67}},{"start":{"line":313,"column":71},"end":{"line":313,"column":72}}],"line":313},"25":{"loc":{"start":{"line":339,"column":22},"end":{"line":341,"column":17}},"type":"cond-expr","locations":[{"start":{"line":340,"column":16},"end":{"line":340,"column":110}},{"start":{"line":341,"column":16},"end":{"line":341,"column":17}}],"line":339},"26":{"loc":{"start":{"line":346,"column":22},"end":{"line":348,"column":17}},"type":"cond-expr","locations":[{"start":{"line":347,"column":16},"end":{"line":347,"column":110}},{"start":{"line":348,"column":16},"end":{"line":348,"column":17}}],"line":346},"27":{"loc":{"start":{"line":353,"column":22},"end":{"line":355,"column":17}},"type":"cond-expr","locations":[{"start":{"line":354,"column":16},"end":{"line":354,"column":110}},{"start":{"line":355,"column":16},"end":{"line":355,"column":17}}],"line":353},"28":{"loc":{"start":{"line":370,"column":4},"end":{"line":378,"column":5}},"type":"switch","locations":[{"start":{"line":371,"column":6},"end":{"line":372,"column":48}},{"start":{"line":373,"column":6},"end":{"line":374,"column":48}},{"start":{"line":375,"column":6},"end":{"line":375,"column":23}},{"start":{"line":376,"column":6},"end":{"line":377,"column":48}}],"line":370},"29":{"loc":{"start":{"line":372,"column":26},"end":{"line":372,"column":46}},"type":"binary-expr","locations":[{"start":{"line":372,"column":26},"end":{"line":372,"column":41}},{"start":{"line":372,"column":45},"end":{"line":372,"column":46}}],"line":372},"30":{"loc":{"start":{"line":374,"column":26},"end":{"line":374,"column":46}},"type":"binary-expr","locations":[{"start":{"line":374,"column":26},"end":{"line":374,"column":41}},{"start":{"line":374,"column":45},"end":{"line":374,"column":46}}],"line":374},"31":{"loc":{"start":{"line":377,"column":26},"end":{"line":377,"column":46}},"type":"binary-expr","locations":[{"start":{"line":377,"column":26},"end":{"line":377,"column":41}},{"start":{"line":377,"column":45},"end":{"line":377,"column":46}}],"line":377},"32":{"loc":{"start":{"line":385,"column":4},"end":{"line":393,"column":5}},"type":"switch","locations":[{"start":{"line":386,"column":6},"end":{"line":387,"column":48}},{"start":{"line":388,"column":6},"end":{"line":389,"column":48}},{"start":{"line":390,"column":6},"end":{"line":390,"column":23}},{"start":{"line":391,"column":6},"end":{"line":392,"column":48}}],"line":385},"33":{"loc":{"start":{"line":387,"column":26},"end":{"line":387,"column":46}},"type":"binary-expr","locations":[{"start":{"line":387,"column":26},"end":{"line":387,"column":41}},{"start":{"line":387,"column":45},"end":{"line":387,"column":46}}],"line":387},"34":{"loc":{"start":{"line":389,"column":26},"end":{"line":389,"column":46}},"type":"binary-expr","locations":[{"start":{"line":389,"column":26},"end":{"line":389,"column":41}},{"start":{"line":389,"column":45},"end":{"line":389,"column":46}}],"line":389},"35":{"loc":{"start":{"line":392,"column":26},"end":{"line":392,"column":46}},"type":"binary-expr","locations":[{"start":{"line":392,"column":26},"end":{"line":392,"column":41}},{"start":{"line":392,"column":45},"end":{"line":392,"column":46}}],"line":392}},"s":{"0":1,"1":1,"2":1,"3":1,"4":1,"5":1,"6":1,"7":3,"8":3,"9":3,"10":3,"11":1,"12":1,"13":1,"14":1,"15":0,"16":0,"17":0,"18":0,"19":0,"20":0,"21":0,"22":0,"23":0,"24":0,"25":0,"26":0,"27":0,"28":0,"29":0,"30":0,"31":0,"32":0,"33":0,"34":0,"35":0,"36":0,"37":0,"38":0,"39":0,"40":0,"41":0,"42":0,"43":0,"44":0,"45":0,"46":0,"47":0,"48":0,"49":0,"50":0,"51":0,"52":0,"53":0,"54":0,"55":0,"56":0,"57":0,"58":0,"59":0,"60":0,"61":0,"62":0,"63":0,"64":0,"65":0,"66":0,"67":0,"68":0,"69":0,"70":0,"71":0,"72":0,"73":0,"74":0,"75":0,"76":0,"77":0,"78":0,"79":0,"80":0,"81":0,"82":0,"83":0,"84":0,"85":0,"86":0,"87":0,"88":0,"89":0,"90":0,"91":0,"92":0,"93":0,"94":0,"95":0,"96":0,"97":0,"98":0,"99":0,"100":0,"101":0,"102":0,"103":0,"104":0,"105":0,"106":0,"107":0,"108":0,"109":0,"110":0,"111":0,"112":0,"113":0,"114":0,"115":0,"116":0,"117":0,"118":0,"119":0,"120":0,"121":0,"122":0,"123":0,"124":0,"125":0,"126":0,"127":0,"128":1},"f":{"0":1,"1":3,"2":0,"3":0,"4":0,"5":0,"6":0,"7":0,"8":0,"9":0,"10":0,"11":0,"12":0,"13":0,"14":0,"15":0,"16":0,"17":0,"18":0,"19":0,"20":0,"21":0,"22":0,"23":0,"24":0,"25":0,"26":0,"27":0,"28":0,"29":0,"30":0,"31":0,"32":0,"33":0,"34":0},"b":{"0":[0],"1":[3,0],"2":[3,0],"3":[3,0],"4":[3,0],"5":[3,0],"6":[3,0],"7":[3,0],"8":[1,0],"9":[0,0],"10":[0,0],"11":[0,0],"12":[0,0],"13":[0,0],"14":[0,0],"15":[0,0],"16":[0],"17":[0],"18":[0,0],"19":[0,0,0,0],"20":[0,0],"21":[0,0],"22":[0,0],"23":[0,0],"24":[0,0],"25":[0,0],"26":[0,0],"27":[0,0],"28":[0,0,0,0],"29":[0,0],"30":[0,0],"31":[0,0],"32":[0,0,0,0],"33":[0,0],"34":[0,0],"35":[0,0]},"_coverageSchema":"1a1c01bbd47fc00a2c39e90264f33305004495a9","hash":"eaf2d9052be5c11f1b9d328c1d24bc5acabe05b2"}
,"C:\\planviaje\\backend\\src\\services\\viajesService.js": {"path":"C:\\planviaje\\backend\\src\\services\\viajesService.js","statementMap":{"0":{"start":{"line":1,"column":58},"end":{"line":1,"column":78}},"1":{"start":{"line":2,"column":15},"end":{"line":2,"column":41}},"2":{"start":{"line":3,"column":39},"end":{"line":3,"column":69}},"3":{"start":{"line":16,"column":4},"end":{"line":65,"column":5}},"4":{"start":{"line":27,"column":10},"end":{"line":27,"column":14}},"5":{"start":{"line":30,"column":20},"end":{"line":40,"column":8}},"6":{"start":{"line":43,"column":6},"end":{"line":48,"column":9}},"7":{"start":{"line":51,"column":6},"end":{"line":57,"column":9}},"8":{"start":{"line":59,"column":6},"end":{"line":59,"column":77}},"9":{"start":{"line":61,"column":6},"end":{"line":61,"column":19}},"10":{"start":{"line":63,"column":6},"end":{"line":63,"column":51}},"11":{"start":{"line":64,"column":6},"end":{"line":64,"column":18}},"12":{"start":{"line":74,"column":4},"end":{"line":95,"column":5}},"13":{"start":{"line":75,"column":23},"end":{"line":83,"column":8}},"14":{"start":{"line":85,"column":21},"end":{"line":89,"column":9}},"15":{"start":{"line":85,"column":40},"end":{"line":89,"column":7}},"16":{"start":{"line":91,"column":6},"end":{"line":91,"column":20}},"17":{"start":{"line":93,"column":6},"end":{"line":93,"column":66}},"18":{"start":{"line":94,"column":6},"end":{"line":94,"column":18}},"19":{"start":{"line":104,"column":4},"end":{"line":133,"column":5}},"20":{"start":{"line":105,"column":20},"end":{"line":123,"column":8}},"21":{"start":{"line":125,"column":6},"end":{"line":127,"column":7}},"22":{"start":{"line":126,"column":8},"end":{"line":126,"column":47}},"23":{"start":{"line":129,"column":6},"end":{"line":129,"column":19}},"24":{"start":{"line":131,"column":6},"end":{"line":131,"column":65}},"25":{"start":{"line":132,"column":6},"end":{"line":132,"column":18}},"26":{"start":{"line":143,"column":4},"end":{"line":158,"column":5}},"27":{"start":{"line":144,"column":20},"end":{"line":144,"column":49}},"28":{"start":{"line":146,"column":6},"end":{"line":148,"column":7}},"29":{"start":{"line":147,"column":8},"end":{"line":147,"column":47}},"30":{"start":{"line":150,"column":6},"end":{"line":150,"column":31}},"31":{"start":{"line":152,"column":6},"end":{"line":152,"column":51}},"32":{"start":{"line":154,"column":6},"end":{"line":154,"column":19}},"33":{"start":{"line":156,"column":6},"end":{"line":156,"column":56}},"34":{"start":{"line":157,"column":6},"end":{"line":157,"column":18}},"35":{"start":{"line":167,"column":4},"end":{"line":182,"column":5}},"36":{"start":{"line":168,"column":20},"end":{"line":168,"column":49}},"37":{"start":{"line":170,"column":6},"end":{"line":172,"column":7}},"38":{"start":{"line":171,"column":8},"end":{"line":171,"column":47}},"39":{"start":{"line":174,"column":6},"end":{"line":174,"column":28}},"40":{"start":{"line":176,"column":6},"end":{"line":176,"column":49}},"41":{"start":{"line":178,"column":6},"end":{"line":178,"column":18}},"42":{"start":{"line":180,"column":6},"end":{"line":180,"column":54}},"43":{"start":{"line":181,"column":6},"end":{"line":181,"column":18}},"44":{"start":{"line":193,"column":4},"end":{"line":207,"column":5}},"45":{"start":{"line":194,"column":22},"end":{"line":199,"column":8}},"46":{"start":{"line":201,"column":6},"end":{"line":201,"column":80}},"47":{"start":{"line":203,"column":6},"end":{"line":203,"column":21}},"48":{"start":{"line":205,"column":6},"end":{"line":205,"column":55}},"49":{"start":{"line":206,"column":6},"end":{"line":206,"column":18}},"50":{"start":{"line":211,"column":0},"end":{"line":211,"column":37}}},"fnMap":{"0":{"name":"(anonymous_0)","decl":{"start":{"line":15,"column":2},"end":{"line":15,"column":3}},"loc":{"start":{"line":15,"column":43},"end":{"line":66,"column":3}},"line":15},"1":{"name":"(anonymous_1)","decl":{"start":{"line":73,"column":2},"end":{"line":73,"column":3}},"loc":{"start":{"line":73,"column":42},"end":{"line":96,"column":3}},"line":73},"2":{"name":"(anonymous_2)","decl":{"start":{"line":85,"column":34},"end":{"line":85,"column":35}},"loc":{"start":{"line":85,"column":40},"end":{"line":89,"column":7}},"line":85},"3":{"name":"(anonymous_3)","decl":{"start":{"line":103,"column":2},"end":{"line":103,"column":3}},"loc":{"start":{"line":103,"column":37},"end":{"line":134,"column":3}},"line":103},"4":{"name":"(anonymous_4)","decl":{"start":{"line":142,"column":2},"end":{"line":142,"column":3}},"loc":{"start":{"line":142,"column":39},"end":{"line":159,"column":3}},"line":142},"5":{"name":"(anonymous_5)","decl":{"start":{"line":166,"column":2},"end":{"line":166,"column":3}},"loc":{"start":{"line":166,"column":31},"end":{"line":183,"column":3}},"line":166},"6":{"name":"(anonymous_6)","decl":{"start":{"line":192,"column":2},"end":{"line":192,"column":3}},"loc":{"start":{"line":192,"column":60},"end":{"line":208,"column":3}},"line":192}},"branchMap":{"0":{"loc":{"start":{"line":23,"column":8},"end":{"line":23,"column":29}},"type":"default-arg","locations":[{"start":{"line":23,"column":21},"end":{"line":23,"column":29}}],"line":23},"1":{"loc":{"start":{"line":24,"column":8},"end":{"line":24,"column":28}},"type":"default-arg","locations":[{"start":{"line":24,"column":18},"end":{"line":24,"column":28}}],"line":24},"2":{"loc":{"start":{"line":25,"column":8},"end":{"line":25,"column":32}},"type":"default-arg","locations":[{"start":{"line":25,"column":27},"end":{"line":25,"column":32}}],"line":25},"3":{"loc":{"start":{"line":26,"column":8},"end":{"line":26,"column":38}},"type":"default-arg","locations":[{"start":{"line":26,"column":23},"end":{"line":26,"column":38}}],"line":26},"4":{"loc":{"start":{"line":31,"column":22},"end":{"line":31,"column":44}},"type":"binary-expr","locations":[{"start":{"line":31,"column":22},"end":{"line":31,"column":34}},{"start":{"line":31,"column":38},"end":{"line":31,"column":44}}],"line":31},"5":{"loc":{"start":{"line":125,"column":6},"end":{"line":127,"column":7}},"type":"if","locations":[{"start":{"line":125,"column":6},"end":{"line":127,"column":7}},{"start":{},"end":{}}],"line":125},"6":{"loc":{"start":{"line":146,"column":6},"end":{"line":148,"column":7}},"type":"if","locations":[{"start":{"line":146,"column":6},"end":{"line":148,"column":7}},{"start":{},"end":{}}],"line":146},"7":{"loc":{"start":{"line":170,"column":6},"end":{"line":172,"column":7}},"type":"if","locations":[{"start":{"line":170,"column":6},"end":{"line":172,"column":7}},{"start":{},"end":{}}],"line":170},"8":{"loc":{"start":{"line":192,"column":43},"end":{"line":192,"column":58}},"type":"default-arg","locations":[{"start":{"line":192,"column":49},"end":{"line":192,"column":58}}],"line":192}},"s":{"0":1,"1":1,"2":1,"3":1,"4":1,"5":1,"6":1,"7":1,"8":1,"9":1,"10":0,"11":0,"12":0,"13":0,"14":0,"15":0,"16":0,"17":0,"18":0,"19":0,"20":0,"21":0,"22":0,"23":0,"24":0,"25":0,"26":0,"27":0,"28":0,"29":0,"30":0,"31":0,"32":0,"33":0,"34":0,"35":0,"36":0,"37":0,"38":0,"39":0,"40":0,"41":0,"42":0,"43":0,"44":0,"45":0,"46":0,"47":0,"48":0,"49":0,"50":1},"f":{"0":1,"1":0,"2":0,"3":0,"4":0,"5":0,"6":0},"b":{"0":[0],"1":[0],"2":[0],"3":[1],"4":[1,0],"5":[0,0],"6":[0,0],"7":[0,0],"8":[0]},"_coverageSchema":"1a1c01bbd47fc00a2c39e90264f33305004495a9","hash":"b40ad1138d479331d8885cfdb5a1cc5799cbe3ce"}
,"C:\\planviaje\\backend\\src\\utils\\errors.js": {"path":"C:\\planviaje\\backend\\src\\utils\\errors.js","statementMap":{"0":{"start":{"line":3,"column":4},"end":{"line":3,"column":19}},"1":{"start":{"line":4,"column":4},"end":{"line":4,"column":33}},"2":{"start":{"line":5,"column":4},"end":{"line":5,"column":30}},"3":{"start":{"line":6,"column":4},"end":{"line":6,"column":52}},"4":{"start":{"line":12,"column":4},"end":{"line":12,"column":24}},"5":{"start":{"line":13,"column":4},"end":{"line":13,"column":34}},"6":{"start":{"line":19,"column":4},"end":{"line":19,"column":24}},"7":{"start":{"line":20,"column":4},"end":{"line":20,"column":38}},"8":{"start":{"line":26,"column":4},"end":{"line":26,"column":24}},"9":{"start":{"line":27,"column":4},"end":{"line":27,"column":37}},"10":{"start":{"line":33,"column":4},"end":{"line":33,"column":24}},"11":{"start":{"line":34,"column":4},"end":{"line":34,"column":32}},"12":{"start":{"line":40,"column":4},"end":{"line":40,"column":24}},"13":{"start":{"line":41,"column":4},"end":{"line":41,"column":32}},"14":{"start":{"line":45,"column":0},"end":{"line":52,"column":2}}},"fnMap":{"0":{"name":"(anonymous_0)","decl":{"start":{"line":2,"column":2},"end":{"line":2,"column":3}},"loc":{"start":{"line":2,"column":35},"end":{"line":7,"column":3}},"line":2},"1":{"name":"(anonymous_1)","decl":{"start":{"line":11,"column":2},"end":{"line":11,"column":3}},"loc":{"start":{"line":11,"column":23},"end":{"line":14,"column":3}},"line":11},"2":{"name":"(anonymous_2)","decl":{"start":{"line":18,"column":2},"end":{"line":18,"column":3}},"loc":{"start":{"line":18,"column":42},"end":{"line":21,"column":3}},"line":18},"3":{"name":"(anonymous_3)","decl":{"start":{"line":25,"column":2},"end":{"line":25,"column":3}},"loc":{"start":{"line":25,"column":41},"end":{"line":28,"column":3}},"line":25},"4":{"name":"(anonymous_4)","decl":{"start":{"line":32,"column":2},"end":{"line":32,"column":3}},"loc":{"start":{"line":32,"column":49},"end":{"line":35,"column":3}},"line":32},"5":{"name":"(anonymous_5)","decl":{"start":{"line":39,"column":2},"end":{"line":39,"column":3}},"loc":{"start":{"line":39,"column":58},"end":{"line":42,"column":3}},"line":39}},"branchMap":{"0":{"loc":{"start":{"line":18,"column":14},"end":{"line":18,"column":40}},"type":"default-arg","locations":[{"start":{"line":18,"column":24},"end":{"line":18,"column":40}}],"line":18},"1":{"loc":{"start":{"line":25,"column":14},"end":{"line":25,"column":39}},"type":"default-arg","locations":[{"start":{"line":25,"column":24},"end":{"line":25,"column":39}}],"line":25},"2":{"loc":{"start":{"line":32,"column":14},"end":{"line":32,"column":47}},"type":"default-arg","locations":[{"start":{"line":32,"column":24},"end":{"line":32,"column":47}}],"line":32},"3":{"loc":{"start":{"line":39,"column":14},"end":{"line":39,"column":56}},"type":"default-arg","locations":[{"start":{"line":39,"column":24},"end":{"line":39,"column":56}}],"line":39}},"s":{"0":0,"1":0,"2":0,"3":0,"4":0,"5":0,"6":0,"7":0,"8":0,"9":0,"10":0,"11":0,"12":0,"13":0,"14":1},"f":{"0":0,"1":0,"2":0,"3":0,"4":0,"5":0},"b":{"0":[0],"1":[0],"2":[0],"3":[0]},"_coverageSchema":"1a1c01bbd47fc00a2c39e90264f33305004495a9","hash":"b2db114cde06f23ddb2180bc2281d8469e8f5e27"}
,"C:\\planviaje\\backend\\src\\utils\\logger.js": {"path":"C:\\planviaje\\backend\\src\\utils\\logger.js","statementMap":{"0":{"start":{"line":1,"column":16},"end":{"line":1,"column":34}},"1":{"start":{"line":2,"column":12},"end":{"line":2,"column":44}},"2":{"start":{"line":4,"column":15},"end":{"line":30,"column":2}},"3":{"start":{"line":20,"column":22},"end":{"line":20,"column":59}},"4":{"start":{"line":21,"column":12},"end":{"line":23,"column":13}},"5":{"start":{"line":22,"column":14},"end":{"line":22,"column":52}},"6":{"start":{"line":24,"column":12},"end":{"line":24,"column":23}},"7":{"start":{"line":33,"column":0},"end":{"line":40,"column":1}},"8":{"start":{"line":34,"column":2},"end":{"line":36,"column":4}},"9":{"start":{"line":37,"column":2},"end":{"line":39,"column":4}},"10":{"start":{"line":42,"column":0},"end":{"line":42,"column":24}}},"fnMap":{"0":{"name":"(anonymous_0)","decl":{"start":{"line":19,"column":10},"end":{"line":19,"column":11}},"loc":{"start":{"line":19,"column":58},"end":{"line":25,"column":11}},"line":19}},"branchMap":{"0":{"loc":{"start":{"line":5,"column":9},"end":{"line":5,"column":56}},"type":"cond-expr","locations":[{"start":{"line":5,"column":40},"end":{"line":5,"column":46}},{"start":{"line":5,"column":49},"end":{"line":5,"column":56}}],"line":5},"1":{"loc":{"start":{"line":21,"column":12},"end":{"line":23,"column":13}},"type":"if","locations":[{"start":{"line":21,"column":12},"end":{"line":23,"column":13}},{"start":{},"end":{}}],"line":21},"2":{"loc":{"start":{"line":33,"column":0},"end":{"line":40,"column":1}},"type":"if","locations":[{"start":{"line":33,"column":0},"end":{"line":40,"column":1}},{"start":{},"end":{}}],"line":33}},"s":{"0":1,"1":1,"2":1,"3":331,"4":331,"5":331,"6":331,"7":1,"8":0,"9":0,"10":1},"f":{"0":331},"b":{"0":[0,1],"1":[331,0],"2":[0,1]},"_coverageSchema":"1a1c01bbd47fc00a2c39e90264f33305004495a9","hash":"b5e67054b5aebdba50f5966dfc9ef91cc830b711"}
}
