TN:
SF:src\app.js
FN:28,(anonymous_0)
FN:37,(anonymous_1)
FN:56,(anonymous_2)
FNF:3
FNH:1
FNDA:115,(anonymous_0)
FNDA:0,(anonymous_1)
FNDA:0,(anonymous_2)
DA:1,1
DA:2,1
DA:3,1
DA:4,1
DA:5,1
DA:6,1
DA:7,1
DA:9,1
DA:12,1
DA:15,1
DA:21,1
DA:22,1
DA:25,1
DA:28,1
DA:29,115
DA:33,115
DA:37,1
DA:38,0
DA:47,1
DA:48,1
DA:49,1
DA:50,1
DA:56,1
DA:57,0
DA:64,1
DA:66,1
LF:26
LH:24
BRF:0
BRH:0
end_of_record
TN:
SF:src\config\constants.js
FNF:0
FNH:0
DA:1,1
LF:1
LH:1
BRF:0
BRH:0
end_of_record
TN:
SF:src\config\environment.js
FNF:0
FNH:0
DA:1,1
DA:3,1
LF:2
LH:2
BRDA:6,0,0,1
BRDA:6,0,1,0
BRDA:7,1,0,1
BRDA:7,1,1,0
BRDA:8,2,0,1
BRDA:8,2,1,0
BRDA:9,3,0,1
BRDA:9,3,1,0
BRDA:12,4,0,0
BRDA:12,4,1,1
BRDA:18,5,0,1
BRDA:18,5,1,0
BRDA:19,6,0,1
BRDA:19,6,1,0
BRDA:58,7,0,1
BRDA:58,7,1,0
BRDA:63,8,0,1
BRDA:63,8,1,0
BRDA:64,9,0,1
BRDA:64,9,1,0
BRDA:65,10,0,1
BRDA:65,10,1,0
BRDA:70,11,0,1
BRDA:70,11,1,0
BRDA:71,12,0,1
BRDA:71,12,1,0
BRF:26
BRH:13
end_of_record
TN:
SF:src\controllers\deudasController.js
FN:9,(anonymous_0)
FN:33,(anonymous_1)
FN:56,(anonymous_2)
FN:76,(anonymous_3)
FNF:4
FNH:1
FNDA:0,(anonymous_0)
FNDA:3,(anonymous_1)
FNDA:0,(anonymous_2)
FNDA:0,(anonymous_3)
DA:1,1
DA:2,1
DA:10,0
DA:11,0
DA:12,0
DA:14,0
DA:19,0
DA:25,0
DA:34,3
DA:35,3
DA:36,3
DA:38,3
DA:43,3
DA:48,0
DA:57,0
DA:58,0
DA:60,0
DA:62,0
DA:68,0
DA:77,0
DA:78,0
DA:79,0
DA:81,0
DA:87,0
DA:92,0
DA:97,1
LF:26
LH:8
BRDA:12,0,0,0
BRDA:36,1,0,3
BRDA:79,2,0,0
BRDA:83,3,0,0
BRDA:83,3,1,0
BRF:5
BRH:1
end_of_record
TN:
SF:src\controllers\gastosController.js
FN:12,(anonymous_0)
FN:37,(anonymous_1)
FN:56,(anonymous_2)
FN:75,(anonymous_3)
FN:95,(anonymous_4)
FN:114,(anonymous_5)
FNF:6
FNH:1
FNDA:105,(anonymous_0)
FNDA:0,(anonymous_1)
FNDA:0,(anonymous_2)
FNDA:0,(anonymous_3)
FNDA:0,(anonymous_4)
FNDA:0,(anonymous_5)
DA:1,1
DA:2,1
DA:3,1
DA:13,105
DA:14,105
DA:15,105
DA:21,105
DA:23,105
DA:29,0
DA:30,0
DA:38,0
DA:39,0
DA:41,0
DA:43,0
DA:48,0
DA:49,0
DA:57,0
DA:58,0
DA:60,0
DA:62,0
DA:67,0
DA:68,0
DA:76,0
DA:77,0
DA:79,0
DA:81,0
DA:87,0
DA:88,0
DA:96,0
DA:97,0
DA:99,0
DA:101,0
DA:106,0
DA:107,0
DA:115,0
DA:116,0
DA:118,0
DA:120,0
DA:126,0
DA:127,0
DA:132,1
LF:41
LH:9
BRDA:18,0,0,105
BRDA:18,0,1,0
BRDA:18,0,2,0
BRF:3
BRH:1
end_of_record
TN:
SF:src\controllers\reportesController.js
FN:9,(anonymous_0)
FN:32,(anonymous_1)
FN:59,(anonymous_2)
FNF:3
FNH:1
FNDA:1,(anonymous_0)
FNDA:0,(anonymous_1)
FNDA:0,(anonymous_2)
DA:1,1
DA:2,1
DA:10,1
DA:11,1
DA:12,1
DA:14,1
DA:19,1
DA:24,0
DA:33,0
DA:34,0
DA:38,0
DA:40,0
DA:46,0
DA:51,0
DA:60,0
DA:61,0
DA:63,0
DA:67,0
DA:72,0
DA:77,1
LF:20
LH:8
BRDA:12,0,0,1
BRDA:36,1,0,0
BRDA:37,2,0,0
BRF:3
BRH:1
end_of_record
TN:
SF:src\controllers\tasasCambioController.js
FN:11,(anonymous_0)
FN:34,(anonymous_1)
FN:52,(anonymous_2)
FN:70,(anonymous_3)
FNF:4
FNH:3
FNDA:0,(anonymous_0)
FNDA:1,(anonymous_1)
FNDA:3,(anonymous_2)
FNDA:1,(anonymous_3)
DA:1,1
DA:2,1
DA:12,0
DA:13,0
DA:15,0
DA:17,0
DA:26,0
DA:27,0
DA:35,1
DA:36,1
DA:38,1
DA:44,0
DA:45,0
DA:53,3
DA:54,3
DA:56,3
DA:62,0
DA:63,0
DA:71,1
DA:72,1
DA:74,1
DA:76,1
DA:81,0
DA:82,0
DA:87,1
LF:25
LH:13
BRF:0
BRH:0
end_of_record
TN:
SF:src\controllers\viajesController.js
FN:11,(anonymous_0)
FN:31,(anonymous_1)
FN:50,(anonymous_2)
FN:69,(anonymous_3)
FN:89,(anonymous_4)
FNF:5
FNH:1
FNDA:1,(anonymous_0)
FNDA:0,(anonymous_1)
FNDA:0,(anonymous_2)
FNDA:0,(anonymous_3)
FNDA:0,(anonymous_4)
DA:1,1
DA:2,1
DA:12,1
DA:13,1
DA:15,1
DA:17,1
DA:23,0
DA:24,0
DA:32,0
DA:33,0
DA:35,0
DA:37,0
DA:42,0
DA:43,0
DA:51,0
DA:52,0
DA:54,0
DA:56,0
DA:61,0
DA:62,0
DA:70,0
DA:71,0
DA:73,0
DA:75,0
DA:81,0
DA:82,0
DA:90,0
DA:91,0
DA:93,0
DA:95,0
DA:100,0
DA:101,0
DA:106,1
LF:33
LH:7
BRDA:13,0,0,1
BRDA:13,0,1,1
BRDA:13,0,2,1
BRDA:33,1,0,0
BRDA:33,1,1,0
BRF:5
BRH:3
end_of_record
TN:
SF:src\middleware\errorHandler.js
FN:4,(anonymous_0)
FN:18,(anonymous_1)
FNF:2
FNH:0
FNDA:0,(anonymous_0)
FNDA:0,(anonymous_1)
DA:1,1
DA:2,1
DA:4,1
DA:5,0
DA:6,0
DA:9,0
DA:17,0
DA:18,0
DA:19,0
DA:23,0
DA:24,0
DA:25,0
DA:29,0
DA:30,0
DA:31,0
DA:35,0
DA:36,0
DA:37,0
DA:40,0
DA:41,0
DA:42,0
DA:46,0
DA:53,1
LF:23
LH:4
BRDA:17,0,0,0
BRDA:17,0,1,0
BRDA:23,1,0,0
BRDA:23,1,1,0
BRDA:29,2,0,0
BRDA:29,2,1,0
BRDA:35,3,0,0
BRDA:35,3,1,0
BRDA:40,4,0,0
BRDA:40,4,1,0
BRDA:46,5,0,0
BRDA:46,5,1,0
BRDA:48,6,0,0
BRDA:48,6,1,0
BRDA:49,7,0,0
BRDA:49,7,1,0
BRF:16
BRH:0
end_of_record
TN:
SF:src\models\Actividad.js
FN:3,(anonymous_0)
FN:122,(anonymous_1)
FNF:2
FNH:2
FNDA:1,(anonymous_0)
FNDA:1,(anonymous_1)
DA:1,1
DA:3,1
DA:4,1
DA:122,1
DA:124,1
DA:130,1
DA:136,1
DA:142,1
DA:148,1
LF:9
LH:9
BRF:0
BRH:0
end_of_record
TN:
SF:src\models\Alojamiento.js
FN:3,(anonymous_0)
FN:122,(anonymous_1)
FNF:2
FNH:2
FNDA:1,(anonymous_0)
FNDA:1,(anonymous_1)
DA:1,1
DA:3,1
DA:4,1
DA:122,1
DA:124,1
DA:130,1
DA:136,1
DA:142,1
DA:148,1
LF:9
LH:9
BRF:0
BRH:0
end_of_record
TN:
SF:src\models\Auditoria.js
FN:3,(anonymous_0)
FN:80,(anonymous_1)
FNF:2
FNH:2
FNDA:1,(anonymous_0)
FNDA:1,(anonymous_1)
DA:1,1
DA:3,1
DA:4,1
DA:80,1
DA:82,1
DA:88,1
DA:94,1
LF:7
LH:7
BRF:0
BRH:0
end_of_record
TN:
SF:src\models\ConfiguracionViaje.js
FN:3,(anonymous_0)
FN:85,(anonymous_1)
FNF:2
FNH:2
FNDA:1,(anonymous_0)
FNDA:1,(anonymous_1)
DA:1,1
DA:3,1
DA:4,1
DA:85,1
DA:87,1
DA:93,1
LF:6
LH:6
BRF:0
BRH:0
end_of_record
TN:
SF:src\models\Deuda.js
FN:3,(anonymous_0)
FN:103,(anonymous_1)
FNF:2
FNH:2
FNDA:1,(anonymous_0)
FNDA:1,(anonymous_1)
DA:1,1
DA:3,1
DA:4,1
DA:103,1
DA:105,1
DA:111,1
DA:117,1
DA:123,1
DA:129,1
DA:135,1
LF:10
LH:10
BRF:0
BRH:0
end_of_record
TN:
SF:src\models\DeudaSubgrupo.js
FN:3,(anonymous_0)
FN:78,(anonymous_1)
FNF:2
FNH:2
FNDA:1,(anonymous_0)
FNDA:1,(anonymous_1)
DA:1,1
DA:3,1
DA:4,1
DA:78,1
DA:80,1
DA:86,1
DA:92,1
DA:98,1
DA:104,1
LF:9
LH:9
BRF:0
BRH:0
end_of_record
TN:
SF:src\models\Franja.js
FN:3,(anonymous_0)
FN:31,(anonymous_1)
FN:69,(anonymous_2)
FNF:3
FNH:2
FNDA:1,(anonymous_0)
FNDA:0,(anonymous_1)
FNDA:1,(anonymous_2)
DA:1,1
DA:3,1
DA:4,1
DA:32,0
DA:33,0
DA:69,1
DA:71,1
DA:77,1
DA:83,1
DA:89,1
LF:10
LH:8
BRDA:32,0,0,0
BRDA:32,0,1,0
BRF:2
BRH:0
end_of_record
TN:
SF:src\models\Gasto.js
FN:3,(anonymous_0)
FN:111,(anonymous_1)
FNF:2
FNH:2
FNDA:1,(anonymous_0)
FNDA:1,(anonymous_1)
DA:1,1
DA:3,1
DA:4,1
DA:111,1
DA:113,1
DA:119,1
DA:125,1
DA:131,1
DA:137,1
DA:143,1
DA:149,1
LF:11
LH:11
BRF:0
BRH:0
end_of_record
TN:
SF:src\models\GastoSubgrupo.js
FN:3,(anonymous_0)
FN:43,(anonymous_1)
FNF:2
FNH:2
FNDA:1,(anonymous_0)
FNDA:1,(anonymous_1)
DA:1,1
DA:3,1
DA:4,1
DA:43,1
DA:47,1
LF:5
LH:5
BRF:0
BRH:0
end_of_record
TN:
SF:src\models\MiembroViaje.js
FN:3,(anonymous_0)
FN:93,(anonymous_1)
FNF:2
FNH:2
FNDA:1,(anonymous_0)
FNDA:1,(anonymous_1)
DA:1,1
DA:3,1
DA:4,1
DA:93,1
DA:95,1
DA:101,1
DA:107,1
DA:115,1
LF:8
LH:8
BRF:0
BRH:0
end_of_record
TN:
SF:src\models\Notificacion.js
FN:3,(anonymous_0)
FN:99,(anonymous_1)
FNF:2
FNH:2
FNDA:1,(anonymous_0)
FNDA:1,(anonymous_1)
DA:1,1
DA:3,1
DA:4,1
DA:99,1
DA:101,1
DA:107,1
DA:113,1
DA:119,1
LF:8
LH:8
BRF:0
BRH:0
end_of_record
TN:
SF:src\models\Pago.js
FN:3,(anonymous_0)
FN:107,(anonymous_1)
FNF:2
FNH:2
FNDA:1,(anonymous_0)
FNDA:1,(anonymous_1)
DA:1,1
DA:3,1
DA:4,1
DA:107,1
DA:109,1
DA:115,1
DA:121,1
DA:127,1
DA:133,1
LF:9
LH:9
BRF:0
BRH:0
end_of_record
TN:
SF:src\models\Subgrupo.js
FN:3,(anonymous_0)
FN:47,(anonymous_1)
FNF:2
FNH:2
FNDA:1,(anonymous_0)
FNDA:1,(anonymous_1)
DA:1,1
DA:3,1
DA:4,1
DA:47,1
DA:49,1
DA:55,1
DA:63,1
DA:69,1
LF:8
LH:8
BRF:0
BRH:0
end_of_record
TN:
SF:src\models\SubgrupoMiembro.js
FN:3,(anonymous_0)
FN:42,(anonymous_1)
FNF:2
FNH:2
FNDA:1,(anonymous_0)
FNDA:1,(anonymous_1)
DA:1,1
DA:3,1
DA:4,1
DA:42,1
DA:46,1
LF:5
LH:5
BRF:0
BRH:0
end_of_record
TN:
SF:src\models\TasaCambio.js
FN:3,(anonymous_0)
FN:50,(anonymous_1)
FNF:2
FNH:2
FNDA:1,(anonymous_0)
FNDA:1,(anonymous_1)
DA:1,1
DA:3,1
DA:4,1
DA:50,1
DA:54,1
LF:5
LH:5
BRF:0
BRH:0
end_of_record
TN:
SF:src\models\User.js
FN:3,(anonymous_0)
FN:95,(anonymous_1)
FNF:2
FNH:2
FNDA:1,(anonymous_0)
FNDA:1,(anonymous_1)
DA:1,1
DA:3,1
DA:4,1
DA:95,1
DA:97,1
DA:103,1
DA:111,1
DA:116,1
DA:122,1
DA:128,1
DA:134,1
LF:11
LH:11
BRF:0
BRH:0
end_of_record
TN:
SF:src\models\Viaje.js
FN:3,(anonymous_0)
FN:26,(anonymous_1)
FN:92,(anonymous_2)
FNF:3
FNH:3
FNDA:1,(anonymous_0)
FNDA:1,(anonymous_1)
FNDA:1,(anonymous_2)
DA:1,1
DA:3,1
DA:4,1
DA:27,1
DA:28,0
DA:92,1
DA:94,1
DA:100,1
DA:108,1
DA:114,1
DA:120,1
DA:126,1
DA:132,1
DA:138,1
DA:144,1
LF:15
LH:14
BRDA:27,0,0,0
BRDA:27,0,1,1
BRF:2
BRH:1
end_of_record
TN:
SF:src\models\index.js
FN:45,(anonymous_0)
FNF:1
FNH:1
FNDA:17,(anonymous_0)
DA:1,1
DA:2,1
DA:5,1
DA:24,1
DA:45,1
DA:46,17
DA:47,17
DA:52,1
DA:53,1
DA:55,1
LF:10
LH:10
BRDA:46,0,0,17
BRDA:46,0,1,0
BRF:2
BRH:1
end_of_record
TN:
SF:src\routes\deudas.routes.js
FNF:0
FNH:0
DA:1,1
DA:2,1
DA:3,1
DA:6,1
DA:8,1
LF:5
LH:5
BRF:0
BRH:0
end_of_record
TN:
SF:src\routes\gastos.routes.js
FNF:0
FNH:0
DA:1,1
DA:2,1
DA:3,1
DA:11,1
DA:14,1
DA:17,1
DA:20,1
DA:23,1
DA:26,1
DA:28,1
LF:10
LH:10
BRF:0
BRH:0
end_of_record
TN:
SF:src\routes\tasas-cambio.routes.js
FNF:0
FNH:0
DA:1,1
DA:2,1
DA:3,1
DA:11,1
DA:14,1
DA:17,1
DA:20,1
DA:23,1
DA:26,1
DA:28,1
LF:10
LH:10
BRF:0
BRH:0
end_of_record
TN:
SF:src\routes\viajes.routes.js
FNF:0
FNH:0
DA:1,1
DA:2,1
DA:3,1
DA:4,1
DA:5,1
DA:12,1
DA:15,1
DA:18,1
DA:21,1
DA:24,1
DA:31,1
DA:34,1
DA:37,1
DA:44,1
DA:47,1
DA:50,1
DA:53,1
DA:55,1
LF:18
LH:18
BRF:0
BRH:0
end_of_record
TN:
SF:src\services\cambiosMonedaService.js
FN:18,(anonymous_0)
FN:55,(anonymous_1)
FN:78,(anonymous_2)
FN:119,(anonymous_3)
FN:163,(anonymous_4)
FN:255,(anonymous_5)
FN:272,(anonymous_6)
FN:313,(anonymous_7)
FNF:8
FNH:7
FNDA:210,(anonymous_0)
FNDA:210,(anonymous_1)
FNDA:105,(anonymous_2)
FNDA:0,(anonymous_3)
FNDA:1,(anonymous_4)
FNDA:6,(anonymous_5)
FNDA:3,(anonymous_6)
FNDA:1,(anonymous_7)
DA:1,1
DA:2,1
DA:3,1
DA:4,1
DA:5,1
DA:19,210
DA:21,210
DA:22,0
DA:26,210
DA:35,210
DA:36,0
DA:41,210
DA:43,0
DA:44,0
DA:56,210
DA:57,210
DA:58,0
DA:61,210
DA:62,210
DA:65,210
DA:67,0
DA:68,0
DA:79,105
DA:80,105
DA:87,105
DA:88,1
DA:89,104
DA:90,1
DA:91,103
DA:92,103
DA:96,105
DA:97,103
DA:98,103
DA:99,2
DA:100,1
DA:101,1
DA:102,1
DA:103,1
DA:104,1
DA:107,105
DA:109,0
DA:110,0
DA:120,0
DA:121,0
DA:124,0
DA:129,0
DA:130,0
DA:138,0
DA:144,0
DA:147,0
DA:149,0
DA:154,0
DA:155,0
DA:164,1
DA:165,1
DA:167,1
DA:168,1
DA:169,1
DA:171,1
DA:174,1
DA:180,1
DA:188,1
DA:191,1
DA:199,1
DA:203,1
DA:204,1
DA:212,1
DA:215,1
DA:216,1
DA:224,1
DA:227,1
DA:228,1
DA:236,1
DA:239,1
DA:240,1
DA:248,1
DA:250,1
DA:252,1
DA:255,6
DA:262,0
DA:263,0
DA:273,3
DA:274,3
DA:277,3
DA:289,3
DA:298,3
DA:300,3
DA:302,0
DA:303,0
DA:314,1
DA:315,1
DA:324,1
DA:326,0
DA:327,0
DA:332,1
LF:95
LH:69
BRDA:21,0,0,0
BRDA:21,0,1,210
BRDA:35,1,0,0
BRDA:35,1,1,210
BRDA:57,2,0,0
BRDA:57,2,1,210
BRDA:87,3,0,1
BRDA:87,3,1,104
BRDA:89,4,0,1
BRDA:89,4,1,103
BRDA:91,5,0,103
BRDA:91,5,1,0
BRDA:96,6,0,103
BRDA:96,6,1,2
BRDA:99,7,0,1
BRDA:99,7,1,1
BRDA:102,8,0,1
BRDA:102,8,1,0
BRDA:131,9,0,0
BRDA:131,9,1,0
BRDA:132,10,0,0
BRDA:132,10,1,0
BRDA:165,11,0,1
BRDA:165,11,1,1
BRDA:274,12,0,1
BRF:25
BRH:16
end_of_record
TN:
SF:src\services\deudasService.js
FN:10,(anonymous_0)
FN:49,(anonymous_1)
FN:59,(anonymous_2)
FN:67,(anonymous_3)
FN:97,(anonymous_4)
FN:113,(anonymous_5)
FN:120,(anonymous_6)
FN:168,(anonymous_7)
FN:208,(anonymous_8)
FN:228,(anonymous_9)
FN:252,(anonymous_10)
FN:267,(anonymous_11)
FN:289,(anonymous_12)
FN:329,(anonymous_13)
FN:332,(anonymous_14)
FN:337,(anonymous_15)
FN:346,(anonymous_16)
FNF:17
FNH:1
FNDA:0,(anonymous_0)
FNDA:0,(anonymous_1)
FNDA:0,(anonymous_2)
FNDA:0,(anonymous_3)
FNDA:0,(anonymous_4)
FNDA:0,(anonymous_5)
FNDA:0,(anonymous_6)
FNDA:0,(anonymous_7)
FNDA:3,(anonymous_8)
FNDA:0,(anonymous_9)
FNDA:0,(anonymous_10)
FNDA:0,(anonymous_11)
FNDA:0,(anonymous_12)
FNDA:0,(anonymous_13)
FNDA:0,(anonymous_14)
FNDA:0,(anonymous_15)
FNDA:0,(anonymous_16)
DA:1,1
DA:2,1
DA:3,1
DA:11,0
DA:13,0
DA:25,0
DA:26,0
DA:30,0
DA:39,0
DA:40,0
DA:41,0
DA:45,0
DA:46,0
DA:49,0
DA:50,0
DA:59,0
DA:60,0
DA:61,0
DA:62,0
DA:66,0
DA:67,0
DA:68,0
DA:69,0
DA:73,0
DA:76,0
DA:78,0
DA:89,0
DA:90,0
DA:98,0
DA:100,0
DA:102,0
DA:105,0
DA:114,0
DA:117,0
DA:118,0
DA:120,0
DA:121,0
DA:122,0
DA:127,0
DA:128,0
DA:137,0
DA:138,0
DA:139,0
DA:140,0
DA:142,0
DA:144,0
DA:145,0
DA:155,0
DA:156,0
DA:158,0
DA:159,0
DA:162,0
DA:169,0
DA:171,0
DA:174,0
DA:176,0
DA:177,0
DA:182,0
DA:194,0
DA:195,0
DA:198,0
DA:200,0
DA:201,0
DA:209,3
DA:210,3
DA:228,3
DA:244,0
DA:245,0
DA:253,0
DA:255,0
DA:257,0
DA:260,0
DA:268,0
DA:269,0
DA:270,0
DA:271,0
DA:274,0
DA:279,0
DA:281,0
DA:282,0
DA:290,0
DA:291,0
DA:292,0
DA:293,0
DA:297,0
DA:313,0
DA:329,0
DA:330,0
DA:332,0
DA:333,0
DA:335,0
DA:337,0
DA:346,0
DA:358,0
DA:359,0
DA:364,1
LF:96
LH:7
BRDA:10,0,0,0
BRDA:25,1,0,0
BRDA:25,1,1,0
BRDA:40,2,0,0
BRDA:40,2,1,0
BRDA:98,3,0,0
BRDA:98,3,1,0
BRDA:98,3,2,0
BRDA:98,3,3,0
BRDA:100,4,0,0
BRDA:100,4,1,0
BRDA:102,5,0,0
BRDA:102,5,1,0
BRDA:105,6,0,0
BRDA:105,6,1,0
BRDA:121,7,0,0
BRDA:121,7,1,0
BRDA:127,8,0,0
BRDA:127,8,1,0
BRDA:138,9,0,0
BRDA:138,9,1,0
BRDA:144,10,0,0
BRDA:144,10,1,0
BRDA:158,11,0,0
BRDA:158,11,1,0
BRDA:159,12,0,0
BRDA:159,12,1,0
BRDA:194,13,0,0
BRDA:194,13,1,0
BRDA:208,14,0,0
BRDA:253,15,0,0
BRDA:253,15,1,0
BRDA:253,15,2,0
BRDA:253,15,3,0
BRDA:255,16,0,0
BRDA:255,16,1,0
BRDA:257,17,0,0
BRDA:257,17,1,0
BRDA:260,18,0,0
BRDA:260,18,1,0
BRDA:270,19,0,0
BRDA:270,19,1,0
BRDA:289,20,0,0
BRDA:289,21,0,0
BRDA:292,22,0,0
BRDA:292,22,1,0
BRF:46
BRH:0
end_of_record
TN:
SF:src\services\gastosService.js
FN:15,(anonymous_0)
FN:94,(anonymous_1)
FN:120,(anonymous_2)
FN:152,(anonymous_3)
FN:199,(anonymous_4)
FN:224,(anonymous_5)
FNF:6
FNH:1
FNDA:105,(anonymous_0)
FNDA:0,(anonymous_1)
FNDA:0,(anonymous_2)
FNDA:0,(anonymous_3)
FNDA:0,(anonymous_4)
FNDA:0,(anonymous_5)
DA:1,1
DA:2,1
DA:3,1
DA:4,1
DA:16,105
DA:31,105
DA:34,105
DA:38,105
DA:39,1
DA:40,104
DA:41,1
DA:42,103
DA:43,103
DA:46,105
DA:47,0
DA:51,105
DA:57,105
DA:73,105
DA:74,105
DA:77,105
DA:84,0
DA:85,0
DA:95,0
DA:96,0
DA:108,0
DA:110,0
DA:111,0
DA:121,0
DA:122,0
DA:135,0
DA:136,0
DA:139,0
DA:141,0
DA:142,0
DA:153,0
DA:154,0
DA:156,0
DA:157,0
DA:161,0
DA:162,0
DA:165,0
DA:166,0
DA:167,0
DA:168,0
DA:169,0
DA:170,0
DA:173,0
DA:178,0
DA:179,0
DA:180,0
DA:183,0
DA:185,0
DA:187,0
DA:189,0
DA:190,0
DA:200,0
DA:201,0
DA:203,0
DA:204,0
DA:207,0
DA:209,0
DA:211,0
DA:213,0
DA:214,0
DA:225,0
DA:226,0
DA:230,0
DA:232,0
DA:233,0
DA:234,0
DA:235,0
DA:236,0
DA:237,0
DA:238,0
DA:242,0
DA:244,0
DA:245,0
DA:250,1
LF:78
LH:20
BRDA:23,0,0,0
BRDA:34,1,0,105
BRDA:34,1,1,0
BRDA:38,2,0,1
BRDA:38,2,1,104
BRDA:40,3,0,1
BRDA:40,3,1,103
BRDA:42,4,0,103
BRDA:42,4,1,0
BRDA:46,5,0,0
BRDA:46,5,1,105
BRDA:46,6,0,105
BRDA:46,6,1,105
BRDA:67,7,0,105
BRDA:67,7,1,0
BRDA:135,8,0,0
BRDA:135,8,1,0
BRDA:156,9,0,0
BRDA:156,9,1,0
BRDA:161,10,0,0
BRDA:161,10,1,0
BRDA:161,11,0,0
BRDA:161,11,1,0
BRDA:161,11,2,0
BRDA:162,12,0,0
BRDA:162,12,1,0
BRDA:165,13,0,0
BRDA:165,13,1,0
BRDA:166,14,0,0
BRDA:166,14,1,0
BRDA:167,15,0,0
BRDA:167,15,1,0
BRDA:168,16,0,0
BRDA:168,16,1,0
BRDA:169,17,0,0
BRDA:169,17,1,0
BRDA:170,18,0,0
BRDA:170,18,1,0
BRDA:203,19,0,0
BRDA:203,19,1,0
BRDA:224,20,0,0
BRDA:233,21,0,0
BRDA:233,21,1,0
BRDA:235,22,0,0
BRDA:235,22,1,0
BRDA:237,23,0,0
BRDA:237,23,1,0
BRF:47
BRH:10
end_of_record
TN:
SF:src\services\reportesService.js
FN:9,(anonymous_0)
FN:29,(anonymous_1)
FN:73,(anonymous_2)
FN:85,(anonymous_3)
FN:86,(anonymous_4)
FN:87,(anonymous_5)
FN:105,(anonymous_6)
FN:108,(anonymous_7)
FN:113,(anonymous_8)
FN:115,(anonymous_9)
FN:120,(anonymous_10)
FN:122,(anonymous_11)
FN:127,(anonymous_12)
FN:129,(anonymous_13)
FN:151,(anonymous_14)
FN:154,(anonymous_15)
FN:176,(anonymous_16)
FN:178,(anonymous_17)
FN:190,(anonymous_18)
FN:193,(anonymous_19)
FN:216,(anonymous_20)
FN:227,(anonymous_21)
FN:243,(anonymous_22)
FN:250,(anonymous_23)
FN:257,(anonymous_24)
FN:260,(anonymous_25)
FN:272,(anonymous_26)
FN:279,(anonymous_27)
FN:296,(anonymous_28)
FN:311,(anonymous_29)
FN:312,(anonymous_30)
FN:313,(anonymous_31)
FN:323,(anonymous_32)
FN:369,(anonymous_33)
FN:384,(anonymous_34)
FNF:35
FNH:2
FNDA:1,(anonymous_0)
FNDA:3,(anonymous_1)
FNDA:0,(anonymous_2)
FNDA:0,(anonymous_3)
FNDA:0,(anonymous_4)
FNDA:0,(anonymous_5)
FNDA:0,(anonymous_6)
FNDA:0,(anonymous_7)
FNDA:0,(anonymous_8)
FNDA:0,(anonymous_9)
FNDA:0,(anonymous_10)
FNDA:0,(anonymous_11)
FNDA:0,(anonymous_12)
FNDA:0,(anonymous_13)
FNDA:0,(anonymous_14)
FNDA:0,(anonymous_15)
FNDA:0,(anonymous_16)
FNDA:0,(anonymous_17)
FNDA:0,(anonymous_18)
FNDA:0,(anonymous_19)
FNDA:0,(anonymous_20)
FNDA:0,(anonymous_21)
FNDA:0,(anonymous_22)
FNDA:0,(anonymous_23)
FNDA:0,(anonymous_24)
FNDA:0,(anonymous_25)
FNDA:0,(anonymous_26)
FNDA:0,(anonymous_27)
FNDA:0,(anonymous_28)
FNDA:0,(anonymous_29)
FNDA:0,(anonymous_30)
FNDA:0,(anonymous_31)
FNDA:0,(anonymous_32)
FNDA:0,(anonymous_33)
FNDA:0,(anonymous_34)
DA:1,1
DA:2,1
DA:3,1
DA:10,1
DA:12,1
DA:23,1
DA:29,1
DA:30,3
DA:31,3
DA:32,3
DA:34,3
DA:48,1
DA:49,1
DA:54,1
DA:56,1
DA:65,0
DA:66,0
DA:74,0
DA:75,0
DA:85,0
DA:86,0
DA:87,0
DA:89,0
DA:106,0
DA:108,0
DA:109,0
DA:110,0
DA:113,0
DA:114,0
DA:115,0
DA:120,0
DA:121,0
DA:122,0
DA:127,0
DA:128,0
DA:129,0
DA:133,0
DA:145,0
DA:152,0
DA:154,0
DA:155,0
DA:156,0
DA:158,0
DA:159,0
DA:166,0
DA:167,0
DA:168,0
DA:176,0
DA:178,0
DA:179,0
DA:180,0
DA:181,0
DA:184,0
DA:191,0
DA:193,0
DA:194,0
DA:195,0
DA:197,0
DA:198,0
DA:205,0
DA:206,0
DA:207,0
DA:216,0
DA:217,0
DA:218,0
DA:221,0
DA:228,0
DA:229,0
DA:234,0
DA:235,0
DA:238,0
DA:241,0
DA:243,0
DA:244,0
DA:245,0
DA:246,0
DA:248,0
DA:250,0
DA:251,0
DA:252,0
DA:254,0
DA:257,0
DA:260,0
DA:261,0
DA:262,0
DA:264,0
DA:265,0
DA:268,0
DA:269,0
DA:272,0
DA:279,0
DA:281,0
DA:288,0
DA:289,0
DA:297,0
DA:298,0
DA:302,0
DA:303,0
DA:310,0
DA:311,0
DA:312,0
DA:313,0
DA:317,0
DA:323,0
DA:324,0
DA:325,0
DA:326,0
DA:329,0
DA:361,0
DA:362,0
DA:370,0
DA:372,0
DA:374,0
DA:377,0
DA:385,0
DA:387,0
DA:389,0
DA:392,0
DA:397,1
LF:119
LH:16
BRDA:9,0,0,0
BRDA:30,1,0,3
BRDA:30,1,1,0
BRDA:31,2,0,3
BRDA:31,2,1,0
BRDA:32,3,0,3
BRDA:32,3,1,0
BRDA:38,4,0,3
BRDA:38,4,1,0
BRDA:39,5,0,3
BRDA:39,5,1,0
BRDA:40,6,0,3
BRDA:40,6,1,0
BRDA:43,7,0,3
BRDA:43,7,1,0
BRDA:54,8,0,1
BRDA:54,8,1,0
BRDA:74,9,0,0
BRDA:74,9,1,0
BRDA:120,10,0,0
BRDA:120,10,1,0
BRDA:127,11,0,0
BRDA:127,11,1,0
BRDA:155,12,0,0
BRDA:155,12,1,0
BRDA:158,13,0,0
BRDA:158,13,1,0
BRDA:197,14,0,0
BRDA:197,14,1,0
BRDA:211,15,0,0
BRDA:211,15,1,0
BRDA:227,16,0,0
BRDA:227,17,0,0
BRDA:234,18,0,0
BRDA:234,18,1,0
BRDA:241,19,0,0
BRDA:241,19,1,0
BRDA:241,19,2,0
BRDA:241,19,3,0
BRDA:264,20,0,0
BRDA:264,20,1,0
BRDA:302,21,0,0
BRDA:302,21,1,0
BRDA:311,22,0,0
BRDA:311,22,1,0
BRDA:312,23,0,0
BRDA:312,23,1,0
BRDA:313,24,0,0
BRDA:313,24,1,0
BRDA:339,25,0,0
BRDA:339,25,1,0
BRDA:346,26,0,0
BRDA:346,26,1,0
BRDA:353,27,0,0
BRDA:353,27,1,0
BRDA:370,28,0,0
BRDA:370,28,1,0
BRDA:370,28,2,0
BRDA:370,28,3,0
BRDA:372,29,0,0
BRDA:372,29,1,0
BRDA:374,30,0,0
BRDA:374,30,1,0
BRDA:377,31,0,0
BRDA:377,31,1,0
BRDA:385,32,0,0
BRDA:385,32,1,0
BRDA:385,32,2,0
BRDA:385,32,3,0
BRDA:387,33,0,0
BRDA:387,33,1,0
BRDA:389,34,0,0
BRDA:389,34,1,0
BRDA:392,35,0,0
BRDA:392,35,1,0
BRF:75
BRH:8
end_of_record
TN:
SF:src\services\viajesService.js
FN:15,(anonymous_0)
FN:73,(anonymous_1)
FN:85,(anonymous_2)
FN:103,(anonymous_3)
FN:142,(anonymous_4)
FN:166,(anonymous_5)
FN:192,(anonymous_6)
FNF:7
FNH:1
FNDA:1,(anonymous_0)
FNDA:0,(anonymous_1)
FNDA:0,(anonymous_2)
FNDA:0,(anonymous_3)
FNDA:0,(anonymous_4)
FNDA:0,(anonymous_5)
FNDA:0,(anonymous_6)
DA:1,1
DA:2,1
DA:3,1
DA:16,1
DA:27,1
DA:30,1
DA:43,1
DA:51,1
DA:59,1
DA:61,1
DA:63,0
DA:64,0
DA:74,0
DA:75,0
DA:85,0
DA:91,0
DA:93,0
DA:94,0
DA:104,0
DA:105,0
DA:125,0
DA:126,0
DA:129,0
DA:131,0
DA:132,0
DA:143,0
DA:144,0
DA:146,0
DA:147,0
DA:150,0
DA:152,0
DA:154,0
DA:156,0
DA:157,0
DA:167,0
DA:168,0
DA:170,0
DA:171,0
DA:174,0
DA:176,0
DA:178,0
DA:180,0
DA:181,0
DA:193,0
DA:194,0
DA:201,0
DA:203,0
DA:205,0
DA:206,0
DA:211,1
LF:50
LH:11
BRDA:23,0,0,0
BRDA:24,1,0,0
BRDA:25,2,0,0
BRDA:26,3,0,1
BRDA:31,4,0,1
BRDA:31,4,1,0
BRDA:125,5,0,0
BRDA:125,5,1,0
BRDA:146,6,0,0
BRDA:146,6,1,0
BRDA:170,7,0,0
BRDA:170,7,1,0
BRDA:192,8,0,0
BRF:13
BRH:2
end_of_record
TN:
SF:src\utils\errors.js
FN:2,(anonymous_0)
FN:11,(anonymous_1)
FN:18,(anonymous_2)
FN:25,(anonymous_3)
FN:32,(anonymous_4)
FN:39,(anonymous_5)
FNF:6
FNH:0
FNDA:0,(anonymous_0)
FNDA:0,(anonymous_1)
FNDA:0,(anonymous_2)
FNDA:0,(anonymous_3)
FNDA:0,(anonymous_4)
FNDA:0,(anonymous_5)
DA:3,0
DA:4,0
DA:5,0
DA:6,0
DA:12,0
DA:13,0
DA:19,0
DA:20,0
DA:26,0
DA:27,0
DA:33,0
DA:34,0
DA:40,0
DA:41,0
DA:45,1
LF:15
LH:1
BRDA:18,0,0,0
BRDA:25,1,0,0
BRDA:32,2,0,0
BRDA:39,3,0,0
BRF:4
BRH:0
end_of_record
TN:
SF:src\utils\logger.js
FN:19,(anonymous_0)
FNF:1
FNH:1
FNDA:331,(anonymous_0)
DA:1,1
DA:2,1
DA:4,1
DA:20,331
DA:21,331
DA:22,331
DA:24,331
DA:33,1
DA:34,0
DA:37,0
DA:42,1
LF:11
LH:9
BRDA:5,0,0,0
BRDA:5,0,1,1
BRDA:21,1,0,331
BRDA:21,1,1,0
BRDA:33,2,0,0
BRDA:33,2,1,1
BRF:6
BRH:3
end_of_record
